Log file open, 11/07/23 01:24:59
LogWindows: Failed to load 'aqProf.dll' (GetLastError=126)
LogWindows: File 'aqProf.dll' does not exist
LogWindows: Failed to load 'VtuneApi.dll' (GetLastError=126)
LogWindows: File 'VtuneApi.dll' does not exist
LogWindows: Failed to load 'VtuneApi32e.dll' (GetLastError=126)
LogWindows: File 'VtuneApi32e.dll' does not exist
LogConsoleResponse: Display: Failed to find resolution value strings in scalability ini. Falling back to default.
LogConsoleResponse: Display: Failed to find resolution value strings in scalability ini. Falling back to default.
LogInit: Display: Running engine for game: LookAtSensorCPP
LogPlatformFile: Not using cached read wrapper
LogTaskGraph: Started task graph with 5 named threads and 23 total threads with 3 sets of task threads.
LogStats: Stats thread started at 0.354788
LogICUInternationalization: ICU TimeZone Detection - Raw Offset: -6:00, Platform Override: ''
LogInit: Display: Loading text-based GConfig....
LogPluginManager: Mounting plugin MeshPainting
LogPluginManager: Mounting plugin XGEController
LogPluginManager: Mounting plugin Paper2D
LogPluginManager: Mounting plugin LiveLink
LogPluginManager: Mounting plugin OodleData
LogPluginManager: Mounting plugin EnvironmentQueryEditor
LogPluginManager: Mounting plugin LightPropagationVolume
LogPluginManager: Mounting plugin OodleNetwork
LogPluginManager: Mounting plugin CameraShakePreviewer
LogPluginManager: Mounting plugin GameplayCameras
LogPluginManager: Mounting plugin AnimationSharing
LogPluginManager: Mounting plugin CLionSourceCodeAccess
LogPluginManager: Mounting plugin CodeLiteSourceCodeAccess
LogPluginManager: Mounting plugin KDevelopSourceCodeAccess
LogPluginManager: Mounting plugin GitSourceControl
LogPluginManager: Mounting plugin NullSourceCodeAccess
LogPluginManager: Mounting plugin AISupport
LogPluginManager: Mounting plugin PlasticSourceControl
LogPluginManager: Mounting plugin PluginUtils
LogPluginManager: Mounting plugin PropertyAccessNode
LogPluginManager: Mounting plugin PerforceSourceControl
LogPluginManager: Mounting plugin RiderSourceCodeAccess
LogPluginManager: Mounting plugin SubversionSourceControl
LogPluginManager: Mounting plugin TextureFormatOodle
LogPluginManager: Mounting plugin PixWinPlugin
LogPluginManager: Mounting plugin AssetManagerEditor
LogPluginManager: Mounting plugin XCodeSourceCodeAccess
LogPluginManager: Mounting plugin UObjectPlugin
LogPluginManager: Mounting plugin VisualStudioSourceCodeAccess
LogPluginManager: Mounting plugin CryptoKeys
LogPluginManager: Mounting plugin CurveEditorTools
LogPluginManager: Mounting plugin DataValidation
LogPluginManager: Mounting plugin VisualStudioCodeSourceCodeAccess
LogPluginManager: Mounting plugin FacialAnimation
LogPluginManager: Mounting plugin GameplayTagsEditor
LogPluginManager: Mounting plugin MacGraphicsSwitching
LogPluginManager: Mounting plugin GeometryMode
LogPluginManager: Mounting plugin MaterialAnalyzer
LogPluginManager: Mounting plugin MobileLauncherProfileWizard
LogPluginManager: Mounting plugin PluginBrowser
LogPluginManager: Mounting plugin SpeedTreeImporter
LogPluginManager: Mounting plugin DatasmithContent
LogPluginManager: Mounting plugin VariantManagerContent
LogPluginManager: Mounting plugin Niagara
LogPluginManager: Mounting plugin LuminPlatformFeatures
LogPluginManager: Mounting plugin MagicLeap
LogPluginManager: Mounting plugin MagicLeapLightEstimation
LogPluginManager: Mounting plugin MagicLeapMedia
LogPluginManager: Mounting plugin MagicLeapPassableWorld
LogPluginManager: Mounting plugin TcpMessaging
LogPluginManager: Mounting plugin UdpMessaging
LogPluginManager: Mounting plugin MLSDK
LogPluginManager: Mounting plugin AndroidMedia
LogPluginManager: Mounting plugin AvfMedia
LogPluginManager: Mounting plugin ImgMedia
LogPluginManager: Mounting plugin MediaCompositing
LogPluginManager: Mounting plugin MediaPlayerEditor
LogPluginManager: Mounting plugin WmfMedia
LogPluginManager: Mounting plugin WebMMedia
LogPluginManager: Mounting plugin AutomationUtils
LogPluginManager: Mounting plugin AlembicImporter
LogPluginManager: Mounting plugin ChaosCloth
LogPluginManager: Mounting plugin ChaosClothEditor
LogPluginManager: Mounting plugin ChaosEditor
LogPluginManager: Mounting plugin BackChannel
LogPluginManager: Mounting plugin ChaosNiagara
LogPluginManager: Mounting plugin ChaosSolverPlugin
LogPluginManager: Mounting plugin CharacterAI
LogPluginManager: Mounting plugin GeometryCache
LogPluginManager: Mounting plugin GeometryCollectionPlugin
LogPluginManager: Mounting plugin GeometryProcessing
LogPluginManager: Mounting plugin MotoSynth
LogPluginManager: Mounting plugin OpenImageDenoise
LogPluginManager: Mounting plugin ProxyLODPlugin
LogPluginManager: Mounting plugin PlatformCrypto
LogPluginManager: Mounting plugin PythonScriptPlugin
LogPluginManager: Mounting plugin PlanarCut
LogPluginManager: Mounting plugin SkeletalReduction
LogPluginManager: Mounting plugin OnlineSubsystem
LogPluginManager: Mounting plugin OnlineSubsystemNull
LogPluginManager: Mounting plugin OnlineSubsystemUtils
LogPluginManager: Mounting plugin ActorSequence
LogPluginManager: Mounting plugin MatineeToLevelSequence
LogPluginManager: Mounting plugin TemplateSequence
LogPluginManager: Mounting plugin LevelSequenceEditor
LogPluginManager: Mounting plugin ActorLayerUtilities
LogPluginManager: Mounting plugin ScreenshotTools
LogPluginManager: Mounting plugin AndroidDeviceProfileSelector
LogPluginManager: Mounting plugin AndroidPermission
LogPluginManager: Mounting plugin AndroidMoviePlayer
LogPluginManager: Mounting plugin AppleImageUtils
LogPluginManager: Mounting plugin AppleMoviePlayer
LogPluginManager: Mounting plugin ArchVisCharacter
LogPluginManager: Mounting plugin AssetTags
LogPluginManager: Mounting plugin AudioCapture
LogPluginManager: Mounting plugin AudioSynesthesia
LogPluginManager: Mounting plugin ChunkDownloader
LogPluginManager: Mounting plugin CableComponent
LogPluginManager: Mounting plugin CustomMeshComponent
LogPluginManager: Mounting plugin EditableMesh
LogPluginManager: Mounting plugin ExampleDeviceProfileSelector
LogPluginManager: Mounting plugin GoogleCloudMessaging
LogPluginManager: Mounting plugin GooglePAD
LogPluginManager: Mounting plugin Takes
LogPluginManager: Mounting plugin IOSDeviceProfileSelector
LogPluginManager: Mounting plugin LinuxDeviceProfileSelector
LogPluginManager: Mounting plugin LocationServicesBPLibrary
LogPluginManager: Mounting plugin MobilePatchingUtils
LogPluginManager: Mounting plugin OpenXR
LogPluginManager: Mounting plugin OpenXREyeTracker
LogPluginManager: Mounting plugin OpenXRHandTracking
LogPluginManager: Mounting plugin PostSplashScreen
LogPluginManager: Mounting plugin PhysXVehicles
LogPluginManager: Mounting plugin ProceduralMeshComponent
LogPluginManager: Mounting plugin PropertyAccessEditor
LogPluginManager: Mounting plugin SignificanceManager
LogPluginManager: Mounting plugin RuntimePhysXCooking
LogPluginManager: Mounting plugin SoundFields
LogPluginManager: Mounting plugin Synthesis
LogPluginManager: Mounting plugin WebMMoviePlayer
LogPluginManager: Mounting plugin LauncherChunkInstaller
LogPluginManager: Mounting plugin WindowsMoviePlayer
LogPluginManager: Mounting plugin ContentBrowserAssetDataSource
LogPluginManager: Mounting plugin ContentBrowserClassDataSource
LogPluginManager: Mounting plugin ContentBrowserFileDataSource
LogPluginManager: Mounting plugin OnlineSubsystemGooglePlay
LogPluginManager: Mounting plugin OnlineSubsystemIOS
LogPluginManager: Mounting plugin OculusVR
LogPluginManager: Mounting plugin SteamVR
PixWinPlugin: PIX capture plugin failed to initialize! Check that the process is launched from PIX.
LogInit: Using libcurl 7.55.1-DEV
LogInit:  - built for x86_64-pc-win32
LogInit:  - supports SSL with OpenSSL/1.1.1
LogInit:  - supports HTTP deflate (compression) using libz 1.2.8
LogInit:  - other features:
LogInit:      CURL_VERSION_SSL
LogInit:      CURL_VERSION_LIBZ
LogInit:      CURL_VERSION_IPV6
LogInit:      CURL_VERSION_ASYNCHDNS
LogInit:      CURL_VERSION_LARGEFILE
LogInit:      CURL_VERSION_IDN
LogInit:  CurlRequestOptions (configurable via config and command line):
LogInit:  - bVerifyPeer = true  - Libcurl will verify peer certificate
LogInit:  - bUseHttpProxy = false  - Libcurl will NOT use HTTP proxy
LogInit:  - bDontReuseConnections = false  - Libcurl will reuse connections
LogInit:  - MaxHostConnections = 16  - Libcurl will limit the number of connections to a host
LogInit:  - LocalHostAddr = Default
LogInit:  - BufferSize = 65536
LogOnline: OSS: Creating online subsystem instance for: NULL
LogInit: WinSock: version 1.1 (2.2), MaxSocks=32767, MaxUdp=65467
LogOnline: OSS: TryLoadSubsystemAndSetDefault: Loaded subsystem for module [NULL]
LogInit: Build: ++UE4+Release-4.27-CL-18319896
LogInit: Engine Version: 4.27.2-18319896+++UE4+Release-4.27
LogInit: Compatible Engine Version: 4.27.0-17155196+++UE4+Release-4.27
LogInit: Net CL: 17155196
LogInit: OS: Windows 10 (Release 2009) (), CPU: AMD Ryzen 5 3550H with Radeon Vega Mobile Gfx  , GPU: NVIDIA GeForce GTX 1050
LogInit: Compiled (64-bit): Nov 30 2021 07:12:08
LogInit: Compiled with Visual C++: 19.24.28315.00
LogInit: Build Configuration: Development
LogInit: Branch Name: ++UE4+Release-4.27
LogInit: Command Line:  "D:\Unreal Projects\UE4 Look-At Sensor\UE4-Look-At-Sensor-Austin-Ozan\LookAtSensorCPP\LookAtSensorCPP.uproject" -run=VisualStudioTools -unattended -noshadercompile -nosound -nullrhi -nocpuprofilertrace -nocrashreports -nosplash -ddc=noshared -output=C:\Users\austi\AppData\Local\Temp\tmp89BA.tmp
LogInit: Base Directory: D:/Epic Games/UE_4.27/Engine/Binaries/Win64/
LogInit: Allocator: TBB
LogInit: Installed Engine Build: 1
LogDevObjectVersion: Number of dev versions registered: 29
LogDevObjectVersion:   Dev-Blueprints (B0D832E4-1F89-4F0D-ACCF-7EB736FD4AA2): 10
LogDevObjectVersion:   Dev-Build (E1C64328-A22C-4D53-A36C-8E866417BD8C): 0
LogDevObjectVersion:   Dev-Core (375EC13C-06E4-48FB-B500-84F0262A717E): 4
LogDevObjectVersion:   Dev-Editor (E4B068ED-F494-42E9-A231-DA0B2E46BB41): 40
LogDevObjectVersion:   Dev-Framework (CFFC743F-43B0-4480-9391-14DF171D2073): 37
LogDevObjectVersion:   Dev-Mobile (B02B49B5-BB20-44E9-A304-32B752E40360): 3
LogDevObjectVersion:   Dev-Networking (A4E4105C-59A1-49B5-A7C5-40C4547EDFEE): 0
LogDevObjectVersion:   Dev-Online (39C831C9-5AE6-47DC-9A44-9C173E1C8E7C): 0
LogDevObjectVersion:   Dev-Physics (78F01B33-EBEA-4F98-B9B4-84EACCB95AA2): 14
LogDevObjectVersion:   Dev-Platform (6631380F-2D4D-43E0-8009-CF276956A95A): 0
LogDevObjectVersion:   Dev-Rendering (12F88B9F-8875-4AFC-A67C-D90C383ABD29): 45
LogDevObjectVersion:   Dev-Sequencer (7B5AE74C-D270-4C10-A958-57980B212A5A): 13
LogDevObjectVersion:   Dev-VR (D7296918-1DD6-4BDD-9DE2-64A83CC13884): 3
LogDevObjectVersion:   Dev-LoadTimes (C2A15278-BFE7-4AFE-6C17-90FF531DF755): 1
LogDevObjectVersion:   Private-Geometry (6EACA3D4-40EC-4CC1-B786-8BED09428FC5): 3
LogDevObjectVersion:   Dev-AnimPhys (29E575DD-E0A3-4627-9D10-D276232CDCEA): 17
LogDevObjectVersion:   Dev-Anim (AF43A65D-7FD3-4947-9873-3E8ED9C1BB05): 15
LogDevObjectVersion:   Dev-ReflectionCapture (6B266CEC-1EC7-4B8F-A30B-E4D90942FC07): 1
LogDevObjectVersion:   Dev-Automation (0DF73D61-A23F-47EA-B727-89E90C41499A): 1
LogDevObjectVersion:   FortniteMain (601D1886-AC64-4F84-AA16-D3DE0DEAC7D6): 47
LogDevObjectVersion:   FortniteRelease (E7086368-6B23-4C58-8439-1B7016265E91): 1
LogDevObjectVersion:   Dev-Enterprise (9DFFBCD6-494F-0158-E221-12823C92A888): 10
LogDevObjectVersion:   Dev-Niagara (F2AED0AC-9AFE-416F-8664-AA7FFA26D6FC): 1
LogDevObjectVersion:   Dev-Destruction (174F1F0B-B4C6-45A5-B13F-2EE8D0FB917D): 10
LogDevObjectVersion:   Dev-Physics-Ext (35F94A83-E258-406C-A318-09F59610247C): 41
LogDevObjectVersion:   Dev-PhysicsMaterial-Chaos (B68FC16E-8B1B-42E2-B453-215C058844FE): 1
LogDevObjectVersion:   Dev-CineCamera (B2E18506-4273-CFC2-A54E-F4BB758BBA07): 1
LogDevObjectVersion:   Dev-VirtualProduction (64F58936-FD1B-42BA-BA96-7289D5D0FA4E): 1
LogDevObjectVersion:   Dev-MediaFramework (6F0ED827-A609-4895-9C91-998D90180EA4): 2
LogInit: Presizing for max 25165824 objects, including 0 objects not considered by GC, pre-allocating 0 bytes for permanent pool.
LogConfig: Applying CVar settings from Section [/Script/Engine.StreamingSettings] File [D:/Unreal Projects/UE4 Look-At Sensor/UE4-Look-At-Sensor-Austin-Ozan/LookAtSensorCPP/Saved/Config/Windows/Engine.ini]
LogConfig: Setting CVar [[s.MinBulkDataSizeForAsyncLoading:131072]]
LogConfig: Setting CVar [[s.AsyncLoadingThreadEnabled:0]]
LogConfig: Setting CVar [[s.EventDrivenLoaderEnabled:1]]
LogConfig: Setting CVar [[s.WarnIfTimeLimitExceeded:0]]
LogConfig: Setting CVar [[s.TimeLimitExceededMultiplier:1.5]]
LogConfig: Setting CVar [[s.TimeLimitExceededMinTime:0.005]]
LogConfig: Setting CVar [[s.UseBackgroundLevelStreaming:1]]
LogConfig: Setting CVar [[s.PriorityAsyncLoadingExtraTime:15.0]]
LogConfig: Setting CVar [[s.LevelStreamingActorsUpdateTimeLimit:5.0]]
LogConfig: Setting CVar [[s.PriorityLevelStreamingActorsUpdateExtraTime:5.0]]
LogConfig: Setting CVar [[s.LevelStreamingComponentsRegistrationGranularity:10]]
LogConfig: Setting CVar [[s.UnregisterComponentsTimeLimit:1.0]]
LogConfig: Setting CVar [[s.LevelStreamingComponentsUnregistrationGranularity:5]]
LogConfig: Setting CVar [[s.FlushStreamingOnExit:1]]
LogInit: Object subsystem initialized
LogConfig: Setting CVar [[con.DebugEarlyDefault:1]]
LogConfig: Setting CVar [[r.setres:1280x720]]
[2023.11.07-07.25.00:129][  0]LogConfig: Setting CVar [[con.DebugEarlyDefault:1]]
[2023.11.07-07.25.00:129][  0]LogConfig: Setting CVar [[r.setres:1280x720]]
[2023.11.07-07.25.00:129][  0]LogConfig: Applying CVar settings from Section [/Script/Engine.RendererSettings] File [D:/Unreal Projects/UE4 Look-At Sensor/UE4-Look-At-Sensor-Austin-Ozan/LookAtSensorCPP/Saved/Config/Windows/Engine.ini]
[2023.11.07-07.25.00:129][  0]LogConfig: Setting CVar [[r.GPUCrashDebugging:0]]
[2023.11.07-07.25.00:129][  0]LogConfig: Applying CVar settings from Section [/Script/Engine.RendererOverrideSettings] File [D:/Unreal Projects/UE4 Look-At Sensor/UE4-Look-At-Sensor-Austin-Ozan/LookAtSensorCPP/Saved/Config/Windows/Engine.ini]
[2023.11.07-07.25.00:129][  0]LogConfig: Applying CVar settings from Section [/Script/Engine.StreamingSettings] File [D:/Unreal Projects/UE4 Look-At Sensor/UE4-Look-At-Sensor-Austin-Ozan/LookAtSensorCPP/Saved/Config/Windows/Engine.ini]
[2023.11.07-07.25.00:129][  0]LogConfig: Setting CVar [[s.MinBulkDataSizeForAsyncLoading:131072]]
[2023.11.07-07.25.00:129][  0]LogConfig: Setting CVar [[s.AsyncLoadingThreadEnabled:0]]
[2023.11.07-07.25.00:129][  0]LogConfig: Setting CVar [[s.EventDrivenLoaderEnabled:1]]
[2023.11.07-07.25.00:129][  0]LogConfig: Setting CVar [[s.WarnIfTimeLimitExceeded:0]]
[2023.11.07-07.25.00:129][  0]LogConfig: Setting CVar [[s.TimeLimitExceededMultiplier:1.5]]
[2023.11.07-07.25.00:129][  0]LogConfig: Setting CVar [[s.TimeLimitExceededMinTime:0.005]]
[2023.11.07-07.25.00:129][  0]LogConfig: Setting CVar [[s.UseBackgroundLevelStreaming:1]]
[2023.11.07-07.25.00:129][  0]LogConfig: Setting CVar [[s.PriorityAsyncLoadingExtraTime:15.0]]
[2023.11.07-07.25.00:129][  0]LogConfig: Setting CVar [[s.LevelStreamingActorsUpdateTimeLimit:5.0]]
[2023.11.07-07.25.00:129][  0]LogConfig: Setting CVar [[s.PriorityLevelStreamingActorsUpdateExtraTime:5.0]]
[2023.11.07-07.25.00:129][  0]LogConfig: Setting CVar [[s.LevelStreamingComponentsRegistrationGranularity:10]]
[2023.11.07-07.25.00:129][  0]LogConfig: Setting CVar [[s.UnregisterComponentsTimeLimit:1.0]]
[2023.11.07-07.25.00:130][  0]LogConfig: Setting CVar [[s.LevelStreamingComponentsUnregistrationGranularity:5]]
[2023.11.07-07.25.00:130][  0]LogConfig: Setting CVar [[s.FlushStreamingOnExit:1]]
[2023.11.07-07.25.00:130][  0]LogConfig: Applying CVar settings from Section [/Script/Engine.GarbageCollectionSettings] File [D:/Unreal Projects/UE4 Look-At Sensor/UE4-Look-At-Sensor-Austin-Ozan/LookAtSensorCPP/Saved/Config/Windows/Engine.ini]
[2023.11.07-07.25.00:130][  0]LogConfig: Setting CVar [[gc.MaxObjectsNotConsideredByGC:1]]
[2023.11.07-07.25.00:130][  0]LogConfig: Setting CVar [[gc.SizeOfPermanentObjectPool:0]]
[2023.11.07-07.25.00:130][  0]LogConfig: Setting CVar [[gc.FlushStreamingOnGC:0]]
[2023.11.07-07.25.00:130][  0]LogConfig: Setting CVar [[gc.NumRetriesBeforeForcingGC:10]]
[2023.11.07-07.25.00:130][  0]LogConfig: Setting CVar [[gc.AllowParallelGC:1]]
[2023.11.07-07.25.00:130][  0]LogConfig: Setting CVar [[gc.TimeBetweenPurgingPendingKillObjects:61.1]]
[2023.11.07-07.25.00:130][  0]LogConfig: Setting CVar [[gc.MaxObjectsInEditor:25165824]]
[2023.11.07-07.25.00:130][  0]LogConfig: Setting CVar [[gc.IncrementalBeginDestroyEnabled:1]]
[2023.11.07-07.25.00:130][  0]LogConfig: Setting CVar [[gc.CreateGCClusters:1]]
[2023.11.07-07.25.00:130][  0]LogConfig: Setting CVar [[gc.MinGCClusterSize:5]]
[2023.11.07-07.25.00:130][  0]LogConfig: Setting CVar [[gc.ActorClusteringEnabled:0]]
[2023.11.07-07.25.00:130][  0]LogConfig: Setting CVar [[gc.BlueprintClusteringEnabled:0]]
[2023.11.07-07.25.00:130][  0]LogConfig: Setting CVar [[gc.UseDisregardForGCOnDedicatedServers:0]]
[2023.11.07-07.25.00:130][  0]LogConfig: Setting CVar [[gc.MultithreadedDestructionEnabled:1]]
[2023.11.07-07.25.00:130][  0]LogConfig: Applying CVar settings from Section [/Script/Engine.NetworkSettings] File [D:/Unreal Projects/UE4 Look-At Sensor/UE4-Look-At-Sensor-Austin-Ozan/LookAtSensorCPP/Saved/Config/Windows/Engine.ini]
[2023.11.07-07.25.00:130][  0]LogConfig: Applying CVar settings from Section [/Script/UnrealEd.CookerSettings] File [D:/Unreal Projects/UE4 Look-At Sensor/UE4-Look-At-Sensor-Austin-Ozan/LookAtSensorCPP/Saved/Config/Windows/Engine.ini]
[2023.11.07-07.25.00:130][  0]LogConfig: Applying CVar settings from Section [ViewDistanceQuality@3] File [D:/Unreal Projects/UE4 Look-At Sensor/UE4-Look-At-Sensor-Austin-Ozan/LookAtSensorCPP/Saved/Config/Windows/Scalability.ini]
[2023.11.07-07.25.00:130][  0]LogConfig: Setting CVar [[r.SkeletalMeshLODBias:0]]
[2023.11.07-07.25.00:130][  0]LogConfig: Setting CVar [[r.ViewDistanceScale:1.0]]
[2023.11.07-07.25.00:130][  0]LogConfig: Applying CVar settings from Section [AntiAliasingQuality@3] File [D:/Unreal Projects/UE4 Look-At Sensor/UE4-Look-At-Sensor-Austin-Ozan/LookAtSensorCPP/Saved/Config/Windows/Scalability.ini]
[2023.11.07-07.25.00:130][  0]LogConfig: Setting CVar [[r.PostProcessAAQuality:4]]
[2023.11.07-07.25.00:130][  0]LogConfig: Applying CVar settings from Section [ShadowQuality@3] File [D:/Unreal Projects/UE4 Look-At Sensor/UE4-Look-At-Sensor-Austin-Ozan/LookAtSensorCPP/Saved/Config/Windows/Scalability.ini]
[2023.11.07-07.25.00:130][  0]LogConfig: Setting CVar [[r.LightFunctionQuality:1]]
[2023.11.07-07.25.00:130][  0]LogConfig: Setting CVar [[r.ShadowQuality:5]]
[2023.11.07-07.25.00:130][  0]LogConfig: Setting CVar [[r.Shadow.CSM.MaxCascades:10]]
[2023.11.07-07.25.00:130][  0]LogConfig: Setting CVar [[r.Shadow.MaxResolution:2048]]
[2023.11.07-07.25.00:130][  0]LogConfig: Setting CVar [[r.Shadow.MaxCSMResolution:2048]]
[2023.11.07-07.25.00:130][  0]LogConfig: Setting CVar [[r.Shadow.RadiusThreshold:0.01]]
[2023.11.07-07.25.00:130][  0]LogConfig: Setting CVar [[r.Shadow.DistanceScale:1.0]]
[2023.11.07-07.25.00:130][  0]LogConfig: Setting CVar [[r.Shadow.CSM.TransitionScale:1.0]]
[2023.11.07-07.25.00:130][  0]LogConfig: Setting CVar [[r.Shadow.PreShadowResolutionFactor:1.0]]
[2023.11.07-07.25.00:130][  0]LogConfig: Setting CVar [[r.DistanceFieldShadowing:1]]
[2023.11.07-07.25.00:130][  0]LogConfig: Setting CVar [[r.DistanceFieldAO:1]]
[2023.11.07-07.25.00:130][  0]LogConfig: Setting CVar [[r.AOQuality:2]]
[2023.11.07-07.25.00:130][  0]LogConfig: Setting CVar [[r.VolumetricFog:1]]
[2023.11.07-07.25.00:131][  0]LogConfig: Setting CVar [[r.VolumetricFog.GridPixelSize:8]]
[2023.11.07-07.25.00:131][  0]LogConfig: Setting CVar [[r.VolumetricFog.GridSizeZ:128]]
[2023.11.07-07.25.00:131][  0]LogConfig: Setting CVar [[r.VolumetricFog.HistoryMissSupersampleCount:4]]
[2023.11.07-07.25.00:131][  0]LogConfig: Setting CVar [[r.LightMaxDrawDistanceScale:1]]
[2023.11.07-07.25.00:131][  0]LogConfig: Setting CVar [[r.CapsuleShadows:1]]
[2023.11.07-07.25.00:131][  0]LogConfig: Applying CVar settings from Section [PostProcessQuality@3] File [D:/Unreal Projects/UE4 Look-At Sensor/UE4-Look-At-Sensor-Austin-Ozan/LookAtSensorCPP/Saved/Config/Windows/Scalability.ini]
[2023.11.07-07.25.00:131][  0]LogConfig: Setting CVar [[r.MotionBlurQuality:4]]
[2023.11.07-07.25.00:131][  0]LogConfig: Setting CVar [[r.AmbientOcclusionMipLevelFactor:0.4]]
[2023.11.07-07.25.00:131][  0]LogConfig: Setting CVar [[r.AmbientOcclusionMaxQuality:100]]
[2023.11.07-07.25.00:131][  0]LogConfig: Setting CVar [[r.AmbientOcclusionLevels:-1]]
[2023.11.07-07.25.00:131][  0]LogConfig: Setting CVar [[r.AmbientOcclusionRadiusScale:1.0]]
[2023.11.07-07.25.00:131][  0]LogConfig: Setting CVar [[r.DepthOfFieldQuality:2]]
[2023.11.07-07.25.00:131][  0]LogConfig: Setting CVar [[r.RenderTargetPoolMin:400]]
[2023.11.07-07.25.00:131][  0]LogConfig: Setting CVar [[r.LensFlareQuality:2]]
[2023.11.07-07.25.00:131][  0]LogConfig: Setting CVar [[r.SceneColorFringeQuality:1]]
[2023.11.07-07.25.00:131][  0]LogConfig: Setting CVar [[r.EyeAdaptationQuality:2]]
[2023.11.07-07.25.00:131][  0]LogConfig: Setting CVar [[r.BloomQuality:5]]
[2023.11.07-07.25.00:131][  0]LogConfig: Setting CVar [[r.FastBlurThreshold:100]]
[2023.11.07-07.25.00:131][  0]LogConfig: Setting CVar [[r.Upscale.Quality:3]]
[2023.11.07-07.25.00:131][  0]LogConfig: Setting CVar [[r.Tonemapper.GrainQuantization:1]]
[2023.11.07-07.25.00:131][  0]LogConfig: Setting CVar [[r.LightShaftQuality:1]]
[2023.11.07-07.25.00:131][  0]LogConfig: Setting CVar [[r.Filter.SizeScale:1]]
[2023.11.07-07.25.00:131][  0]LogConfig: Setting CVar [[r.Tonemapper.Quality:5]]
[2023.11.07-07.25.00:131][  0]LogConfig: Setting CVar [[r.DOF.Gather.AccumulatorQuality:1        ; higher gathering accumulator quality]]
[2023.11.07-07.25.00:131][  0]LogConfig: Setting CVar [[r.DOF.Gather.PostfilterMethod:1          ; Median3x3 postfilering method]]
[2023.11.07-07.25.00:131][  0]LogConfig: Setting CVar [[r.DOF.Gather.EnableBokehSettings:0       ; no bokeh simulation when gathering]]
[2023.11.07-07.25.00:131][  0]LogConfig: Setting CVar [[r.DOF.Gather.RingCount:4                 ; medium number of samples when gathering]]
[2023.11.07-07.25.00:131][  0]LogConfig: Setting CVar [[r.DOF.Scatter.ForegroundCompositing:1    ; additive foreground scattering]]
[2023.11.07-07.25.00:131][  0]LogConfig: Setting CVar [[r.DOF.Scatter.BackgroundCompositing:2    ; additive background scattering]]
[2023.11.07-07.25.00:131][  0]LogConfig: Setting CVar [[r.DOF.Scatter.EnableBokehSettings:1      ; bokeh simulation when scattering]]
[2023.11.07-07.25.00:131][  0]LogConfig: Setting CVar [[r.DOF.Scatter.MaxSpriteRatio:0.1         ; only a maximum of 10% of scattered bokeh]]
[2023.11.07-07.25.00:131][  0]LogConfig: Setting CVar [[r.DOF.Recombine.Quality:1                ; cheap slight out of focus]]
[2023.11.07-07.25.00:131][  0]LogConfig: Setting CVar [[r.DOF.Recombine.EnableBokehSettings:0    ; no bokeh simulation on slight out of focus]]
[2023.11.07-07.25.00:131][  0]LogConfig: Setting CVar [[r.DOF.TemporalAAQuality:1                ; more stable temporal accumulation]]
[2023.11.07-07.25.00:131][  0]LogConfig: Setting CVar [[r.DOF.Kernel.MaxForegroundRadius:0.025]]
[2023.11.07-07.25.00:131][  0]LogConfig: Setting CVar [[r.DOF.Kernel.MaxBackgroundRadius:0.025]]
[2023.11.07-07.25.00:131][  0]LogConfig: Applying CVar settings from Section [TextureQuality@3] File [D:/Unreal Projects/UE4 Look-At Sensor/UE4-Look-At-Sensor-Austin-Ozan/LookAtSensorCPP/Saved/Config/Windows/Scalability.ini]
[2023.11.07-07.25.00:131][  0]LogConfig: Setting CVar [[r.Streaming.MipBias:0]]
[2023.11.07-07.25.00:131][  0]LogConfig: Setting CVar [[r.Streaming.AmortizeCPUToGPUCopy:0]]
[2023.11.07-07.25.00:131][  0]LogConfig: Setting CVar [[r.Streaming.MaxNumTexturesToStreamPerFrame:0]]
[2023.11.07-07.25.00:131][  0]LogConfig: Setting CVar [[r.Streaming.Boost:1]]
[2023.11.07-07.25.00:131][  0]LogConfig: Setting CVar [[r.MaxAnisotropy:8]]
[2023.11.07-07.25.00:131][  0]LogConfig: Setting CVar [[r.VT.MaxAnisotropy:8]]
[2023.11.07-07.25.00:131][  0]LogConfig: Setting CVar [[r.Streaming.LimitPoolSizeToVRAM:0]]
[2023.11.07-07.25.00:131][  0]LogConfig: Setting CVar [[r.Streaming.PoolSize:1000]]
[2023.11.07-07.25.00:131][  0]LogConfig: Setting CVar [[r.Streaming.MaxEffectiveScreenSize:0]]
[2023.11.07-07.25.00:131][  0]LogConfig: Applying CVar settings from Section [EffectsQuality@3] File [D:/Unreal Projects/UE4 Look-At Sensor/UE4-Look-At-Sensor-Austin-Ozan/LookAtSensorCPP/Saved/Config/Windows/Scalability.ini]
[2023.11.07-07.25.00:131][  0]LogConfig: Setting CVar [[r.TranslucencyLightingVolumeDim:64]]
[2023.11.07-07.25.00:132][  0]LogConfig: Setting CVar [[r.RefractionQuality:2]]
[2023.11.07-07.25.00:132][  0]LogConfig: Setting CVar [[r.SSR.Quality:3]]
[2023.11.07-07.25.00:132][  0]LogConfig: Setting CVar [[r.SSR.HalfResSceneColor:0]]
[2023.11.07-07.25.00:132][  0]LogConfig: Setting CVar [[r.SceneColorFormat:4]]
[2023.11.07-07.25.00:132][  0]LogConfig: Setting CVar [[r.DetailMode:2]]
[2023.11.07-07.25.00:132][  0]LogConfig: Setting CVar [[r.TranslucencyVolumeBlur:1]]
[2023.11.07-07.25.00:132][  0]LogConfig: Setting CVar [[r.MaterialQualityLevel:1 ; High quality]]
[2023.11.07-07.25.00:132][  0]LogConfig: Setting CVar [[r.AnisotropicMaterials:1]]
[2023.11.07-07.25.00:132][  0]LogConfig: Setting CVar [[r.SSS.Scale:1]]
[2023.11.07-07.25.00:132][  0]LogConfig: Setting CVar [[r.SSS.SampleSet:2]]
[2023.11.07-07.25.00:132][  0]LogConfig: Setting CVar [[r.SSS.Quality:1]]
[2023.11.07-07.25.00:132][  0]LogConfig: Setting CVar [[r.SSS.HalfRes:0]]
[2023.11.07-07.25.00:132][  0]LogConfig: Setting CVar [[r.SSGI.Quality:3]]
[2023.11.07-07.25.00:132][  0]LogConfig: Setting CVar [[r.EmitterSpawnRateScale:1.0]]
[2023.11.07-07.25.00:132][  0]LogConfig: Setting CVar [[r.ParticleLightQuality:2]]
[2023.11.07-07.25.00:132][  0]LogConfig: Setting CVar [[r.SkyAtmosphere.AerialPerspectiveLUT.FastApplyOnOpaque:1 ; Always have FastSkyLUT 1 in this case to avoid wrong sky]]
[2023.11.07-07.25.00:132][  0]LogConfig: Setting CVar [[r.SkyAtmosphere.AerialPerspectiveLUT.SampleCountMaxPerSlice:4]]
[2023.11.07-07.25.00:132][  0]LogConfig: Setting CVar [[r.SkyAtmosphere.AerialPerspectiveLUT.DepthResolution:16.0]]
[2023.11.07-07.25.00:132][  0]LogConfig: Setting CVar [[r.SkyAtmosphere.FastSkyLUT:1]]
[2023.11.07-07.25.00:132][  0]LogConfig: Setting CVar [[r.SkyAtmosphere.FastSkyLUT.SampleCountMin:4.0]]
[2023.11.07-07.25.00:132][  0]LogConfig: Setting CVar [[r.SkyAtmosphere.FastSkyLUT.SampleCountMax:128.0]]
[2023.11.07-07.25.00:132][  0]LogConfig: Setting CVar [[r.SkyAtmosphere.SampleCountMin:4.0]]
[2023.11.07-07.25.00:132][  0]LogConfig: Setting CVar [[r.SkyAtmosphere.SampleCountMax:128.0]]
[2023.11.07-07.25.00:132][  0]LogConfig: Setting CVar [[r.SkyAtmosphere.TransmittanceLUT.UseSmallFormat:0]]
[2023.11.07-07.25.00:132][  0]LogConfig: Setting CVar [[r.SkyAtmosphere.TransmittanceLUT.SampleCount:10.0]]
[2023.11.07-07.25.00:132][  0]LogConfig: Setting CVar [[r.SkyAtmosphere.MultiScatteringLUT.SampleCount:15.0]]
[2023.11.07-07.25.00:132][  0]LogConfig: Setting CVar [[r.SkyLight.RealTimeReflectionCapture:1]]
[2023.11.07-07.25.00:132][  0]LogConfig: Applying CVar settings from Section [FoliageQuality@3] File [D:/Unreal Projects/UE4 Look-At Sensor/UE4-Look-At-Sensor-Austin-Ozan/LookAtSensorCPP/Saved/Config/Windows/Scalability.ini]
[2023.11.07-07.25.00:132][  0]LogConfig: Setting CVar [[foliage.DensityScale:1.0]]
[2023.11.07-07.25.00:132][  0]LogConfig: Setting CVar [[grass.DensityScale:1.0]]
[2023.11.07-07.25.00:132][  0]LogConfig: Applying CVar settings from Section [ShadingQuality@3] File [D:/Unreal Projects/UE4 Look-At Sensor/UE4-Look-At-Sensor-Austin-Ozan/LookAtSensorCPP/Saved/Config/Windows/Scalability.ini]
[2023.11.07-07.25.00:132][  0]LogConfig: Setting CVar [[r.HairStrands.SkyLighting.IntegrationType:2]]
[2023.11.07-07.25.00:132][  0]LogConfig: Setting CVar [[r.HairStrands.SkyAO.SampleCount:4]]
[2023.11.07-07.25.00:132][  0]LogConfig: Setting CVar [[r.HairStrands.Visibility.MSAA.SamplePerPixel:4]]
[2023.11.07-07.25.00:138][  0]LogInit: Selected Device Profile: [Windows]
[2023.11.07-07.25.00:138][  0]LogInit: Applying CVar settings loaded from the selected device profile: [Windows]
[2023.11.07-07.25.00:138][  0]LogHAL: Display: Platform has ~ 14 GB [14903590912 / 17179869184 / 14], which maps to Larger [LargestMinGB=32, LargerMinGB=12, DefaultMinGB=8, SmallerMinGB=6, SmallestMinGB=0)
[2023.11.07-07.25.00:138][  0]LogInit: Going up to parent DeviceProfile []
[2023.11.07-07.25.00:138][  0]LogConfig: Applying CVar settings from Section [ViewDistanceQuality@3] File [D:/Unreal Projects/UE4 Look-At Sensor/UE4-Look-At-Sensor-Austin-Ozan/LookAtSensorCPP/Saved/Config/Windows/Scalability.ini]
[2023.11.07-07.25.00:138][  0]LogConfig: Setting CVar [[r.SkeletalMeshLODBias:0]]
[2023.11.07-07.25.00:138][  0]LogConfig: Setting CVar [[r.ViewDistanceScale:1.0]]
[2023.11.07-07.25.00:138][  0]LogConfig: Applying CVar settings from Section [AntiAliasingQuality@3] File [D:/Unreal Projects/UE4 Look-At Sensor/UE4-Look-At-Sensor-Austin-Ozan/LookAtSensorCPP/Saved/Config/Windows/Scalability.ini]
[2023.11.07-07.25.00:138][  0]LogConfig: Setting CVar [[r.PostProcessAAQuality:4]]
[2023.11.07-07.25.00:138][  0]LogConfig: Applying CVar settings from Section [ShadowQuality@3] File [D:/Unreal Projects/UE4 Look-At Sensor/UE4-Look-At-Sensor-Austin-Ozan/LookAtSensorCPP/Saved/Config/Windows/Scalability.ini]
[2023.11.07-07.25.00:139][  0]LogConfig: Setting CVar [[r.LightFunctionQuality:1]]
[2023.11.07-07.25.00:139][  0]LogConfig: Setting CVar [[r.ShadowQuality:5]]
[2023.11.07-07.25.00:139][  0]LogConfig: Setting CVar [[r.Shadow.CSM.MaxCascades:10]]
[2023.11.07-07.25.00:139][  0]LogConfig: Setting CVar [[r.Shadow.MaxResolution:2048]]
[2023.11.07-07.25.00:139][  0]LogConfig: Setting CVar [[r.Shadow.MaxCSMResolution:2048]]
[2023.11.07-07.25.00:139][  0]LogConfig: Setting CVar [[r.Shadow.RadiusThreshold:0.01]]
[2023.11.07-07.25.00:139][  0]LogConfig: Setting CVar [[r.Shadow.DistanceScale:1.0]]
[2023.11.07-07.25.00:139][  0]LogConfig: Setting CVar [[r.Shadow.CSM.TransitionScale:1.0]]
[2023.11.07-07.25.00:139][  0]LogConfig: Setting CVar [[r.Shadow.PreShadowResolutionFactor:1.0]]
[2023.11.07-07.25.00:139][  0]LogConfig: Setting CVar [[r.DistanceFieldShadowing:1]]
[2023.11.07-07.25.00:139][  0]LogConfig: Setting CVar [[r.DistanceFieldAO:1]]
[2023.11.07-07.25.00:139][  0]LogConfig: Setting CVar [[r.AOQuality:2]]
[2023.11.07-07.25.00:139][  0]LogConfig: Setting CVar [[r.VolumetricFog:1]]
[2023.11.07-07.25.00:139][  0]LogConfig: Setting CVar [[r.VolumetricFog.GridPixelSize:8]]
[2023.11.07-07.25.00:139][  0]LogConfig: Setting CVar [[r.VolumetricFog.GridSizeZ:128]]
[2023.11.07-07.25.00:139][  0]LogConfig: Setting CVar [[r.VolumetricFog.HistoryMissSupersampleCount:4]]
[2023.11.07-07.25.00:139][  0]LogConfig: Setting CVar [[r.LightMaxDrawDistanceScale:1]]
[2023.11.07-07.25.00:139][  0]LogConfig: Setting CVar [[r.CapsuleShadows:1]]
[2023.11.07-07.25.00:139][  0]LogConfig: Applying CVar settings from Section [PostProcessQuality@3] File [D:/Unreal Projects/UE4 Look-At Sensor/UE4-Look-At-Sensor-Austin-Ozan/LookAtSensorCPP/Saved/Config/Windows/Scalability.ini]
[2023.11.07-07.25.00:139][  0]LogConfig: Setting CVar [[r.MotionBlurQuality:4]]
[2023.11.07-07.25.00:139][  0]LogConfig: Setting CVar [[r.AmbientOcclusionMipLevelFactor:0.4]]
[2023.11.07-07.25.00:139][  0]LogConfig: Setting CVar [[r.AmbientOcclusionMaxQuality:100]]
[2023.11.07-07.25.00:139][  0]LogConfig: Setting CVar [[r.AmbientOcclusionLevels:-1]]
[2023.11.07-07.25.00:139][  0]LogConfig: Setting CVar [[r.AmbientOcclusionRadiusScale:1.0]]
[2023.11.07-07.25.00:139][  0]LogConfig: Setting CVar [[r.DepthOfFieldQuality:2]]
[2023.11.07-07.25.00:139][  0]LogConfig: Setting CVar [[r.RenderTargetPoolMin:400]]
[2023.11.07-07.25.00:139][  0]LogConfig: Setting CVar [[r.LensFlareQuality:2]]
[2023.11.07-07.25.00:139][  0]LogConfig: Setting CVar [[r.SceneColorFringeQuality:1]]
[2023.11.07-07.25.00:139][  0]LogConfig: Setting CVar [[r.EyeAdaptationQuality:2]]
[2023.11.07-07.25.00:139][  0]LogConfig: Setting CVar [[r.BloomQuality:5]]
[2023.11.07-07.25.00:139][  0]LogConfig: Setting CVar [[r.FastBlurThreshold:100]]
[2023.11.07-07.25.00:139][  0]LogConfig: Setting CVar [[r.Upscale.Quality:3]]
[2023.11.07-07.25.00:139][  0]LogConfig: Setting CVar [[r.Tonemapper.GrainQuantization:1]]
[2023.11.07-07.25.00:139][  0]LogConfig: Setting CVar [[r.LightShaftQuality:1]]
[2023.11.07-07.25.00:139][  0]LogConfig: Setting CVar [[r.Filter.SizeScale:1]]
[2023.11.07-07.25.00:139][  0]LogConfig: Setting CVar [[r.Tonemapper.Quality:5]]
[2023.11.07-07.25.00:139][  0]LogConfig: Setting CVar [[r.DOF.Gather.AccumulatorQuality:1        ; higher gathering accumulator quality]]
[2023.11.07-07.25.00:139][  0]LogConfig: Setting CVar [[r.DOF.Gather.PostfilterMethod:1          ; Median3x3 postfilering method]]
[2023.11.07-07.25.00:139][  0]LogConfig: Setting CVar [[r.DOF.Gather.EnableBokehSettings:0       ; no bokeh simulation when gathering]]
[2023.11.07-07.25.00:139][  0]LogConfig: Setting CVar [[r.DOF.Gather.RingCount:4                 ; medium number of samples when gathering]]
[2023.11.07-07.25.00:139][  0]LogConfig: Setting CVar [[r.DOF.Scatter.ForegroundCompositing:1    ; additive foreground scattering]]
[2023.11.07-07.25.00:139][  0]LogConfig: Setting CVar [[r.DOF.Scatter.BackgroundCompositing:2    ; additive background scattering]]
[2023.11.07-07.25.00:139][  0]LogConfig: Setting CVar [[r.DOF.Scatter.EnableBokehSettings:1      ; bokeh simulation when scattering]]
[2023.11.07-07.25.00:139][  0]LogConfig: Setting CVar [[r.DOF.Scatter.MaxSpriteRatio:0.1         ; only a maximum of 10% of scattered bokeh]]
[2023.11.07-07.25.00:139][  0]LogConfig: Setting CVar [[r.DOF.Recombine.Quality:1                ; cheap slight out of focus]]
[2023.11.07-07.25.00:139][  0]LogConfig: Setting CVar [[r.DOF.Recombine.EnableBokehSettings:0    ; no bokeh simulation on slight out of focus]]
[2023.11.07-07.25.00:140][  0]LogConfig: Setting CVar [[r.DOF.TemporalAAQuality:1                ; more stable temporal accumulation]]
[2023.11.07-07.25.00:140][  0]LogConfig: Setting CVar [[r.DOF.Kernel.MaxForegroundRadius:0.025]]
[2023.11.07-07.25.00:140][  0]LogConfig: Setting CVar [[r.DOF.Kernel.MaxBackgroundRadius:0.025]]
[2023.11.07-07.25.00:140][  0]LogConfig: Applying CVar settings from Section [TextureQuality@3] File [D:/Unreal Projects/UE4 Look-At Sensor/UE4-Look-At-Sensor-Austin-Ozan/LookAtSensorCPP/Saved/Config/Windows/Scalability.ini]
[2023.11.07-07.25.00:140][  0]LogConfig: Setting CVar [[r.Streaming.MipBias:0]]
[2023.11.07-07.25.00:140][  0]LogConfig: Setting CVar [[r.Streaming.AmortizeCPUToGPUCopy:0]]
[2023.11.07-07.25.00:140][  0]LogConfig: Setting CVar [[r.Streaming.MaxNumTexturesToStreamPerFrame:0]]
[2023.11.07-07.25.00:140][  0]LogConfig: Setting CVar [[r.Streaming.Boost:1]]
[2023.11.07-07.25.00:140][  0]LogConfig: Setting CVar [[r.MaxAnisotropy:8]]
[2023.11.07-07.25.00:140][  0]LogConfig: Setting CVar [[r.VT.MaxAnisotropy:8]]
[2023.11.07-07.25.00:140][  0]LogConfig: Setting CVar [[r.Streaming.LimitPoolSizeToVRAM:0]]
[2023.11.07-07.25.00:140][  0]LogConfig: Setting CVar [[r.Streaming.PoolSize:1000]]
[2023.11.07-07.25.00:140][  0]LogConfig: Setting CVar [[r.Streaming.MaxEffectiveScreenSize:0]]
[2023.11.07-07.25.00:140][  0]LogConfig: Applying CVar settings from Section [EffectsQuality@3] File [D:/Unreal Projects/UE4 Look-At Sensor/UE4-Look-At-Sensor-Austin-Ozan/LookAtSensorCPP/Saved/Config/Windows/Scalability.ini]
[2023.11.07-07.25.00:140][  0]LogConfig: Setting CVar [[r.TranslucencyLightingVolumeDim:64]]
[2023.11.07-07.25.00:140][  0]LogConfig: Setting CVar [[r.RefractionQuality:2]]
[2023.11.07-07.25.00:140][  0]LogConfig: Setting CVar [[r.SSR.Quality:3]]
[2023.11.07-07.25.00:140][  0]LogConfig: Setting CVar [[r.SSR.HalfResSceneColor:0]]
[2023.11.07-07.25.00:140][  0]LogConfig: Setting CVar [[r.SceneColorFormat:4]]
[2023.11.07-07.25.00:140][  0]LogConfig: Setting CVar [[r.DetailMode:2]]
[2023.11.07-07.25.00:140][  0]LogConfig: Setting CVar [[r.TranslucencyVolumeBlur:1]]
[2023.11.07-07.25.00:140][  0]LogConfig: Setting CVar [[r.MaterialQualityLevel:1 ; High quality]]
[2023.11.07-07.25.00:140][  0]LogConfig: Setting CVar [[r.AnisotropicMaterials:1]]
[2023.11.07-07.25.00:140][  0]LogConfig: Setting CVar [[r.SSS.Scale:1]]
[2023.11.07-07.25.00:140][  0]LogConfig: Setting CVar [[r.SSS.SampleSet:2]]
[2023.11.07-07.25.00:140][  0]LogConfig: Setting CVar [[r.SSS.Quality:1]]
[2023.11.07-07.25.00:140][  0]LogConfig: Setting CVar [[r.SSS.HalfRes:0]]
[2023.11.07-07.25.00:140][  0]LogConfig: Setting CVar [[r.SSGI.Quality:3]]
[2023.11.07-07.25.00:140][  0]LogConfig: Setting CVar [[r.EmitterSpawnRateScale:1.0]]
[2023.11.07-07.25.00:140][  0]LogConfig: Setting CVar [[r.ParticleLightQuality:2]]
[2023.11.07-07.25.00:140][  0]LogConfig: Setting CVar [[r.SkyAtmosphere.AerialPerspectiveLUT.FastApplyOnOpaque:1 ; Always have FastSkyLUT 1 in this case to avoid wrong sky]]
[2023.11.07-07.25.00:140][  0]LogConfig: Setting CVar [[r.SkyAtmosphere.AerialPerspectiveLUT.SampleCountMaxPerSlice:4]]
[2023.11.07-07.25.00:140][  0]LogConfig: Setting CVar [[r.SkyAtmosphere.AerialPerspectiveLUT.DepthResolution:16.0]]
[2023.11.07-07.25.00:140][  0]LogConfig: Setting CVar [[r.SkyAtmosphere.FastSkyLUT:1]]
[2023.11.07-07.25.00:140][  0]LogConfig: Setting CVar [[r.SkyAtmosphere.FastSkyLUT.SampleCountMin:4.0]]
[2023.11.07-07.25.00:140][  0]LogConfig: Setting CVar [[r.SkyAtmosphere.FastSkyLUT.SampleCountMax:128.0]]
[2023.11.07-07.25.00:140][  0]LogConfig: Setting CVar [[r.SkyAtmosphere.SampleCountMin:4.0]]
[2023.11.07-07.25.00:140][  0]LogConfig: Setting CVar [[r.SkyAtmosphere.SampleCountMax:128.0]]
[2023.11.07-07.25.00:140][  0]LogConfig: Setting CVar [[r.SkyAtmosphere.TransmittanceLUT.UseSmallFormat:0]]
[2023.11.07-07.25.00:140][  0]LogConfig: Setting CVar [[r.SkyAtmosphere.TransmittanceLUT.SampleCount:10.0]]
[2023.11.07-07.25.00:140][  0]LogConfig: Setting CVar [[r.SkyAtmosphere.MultiScatteringLUT.SampleCount:15.0]]
[2023.11.07-07.25.00:140][  0]LogConfig: Setting CVar [[r.SkyLight.RealTimeReflectionCapture:1]]
[2023.11.07-07.25.00:140][  0]LogConfig: Applying CVar settings from Section [FoliageQuality@3] File [D:/Unreal Projects/UE4 Look-At Sensor/UE4-Look-At-Sensor-Austin-Ozan/LookAtSensorCPP/Saved/Config/Windows/Scalability.ini]
[2023.11.07-07.25.00:140][  0]LogConfig: Setting CVar [[foliage.DensityScale:1.0]]
[2023.11.07-07.25.00:140][  0]LogConfig: Setting CVar [[grass.DensityScale:1.0]]
[2023.11.07-07.25.00:140][  0]LogConfig: Applying CVar settings from Section [ShadingQuality@3] File [D:/Unreal Projects/UE4 Look-At Sensor/UE4-Look-At-Sensor-Austin-Ozan/LookAtSensorCPP/Saved/Config/Windows/Scalability.ini]
[2023.11.07-07.25.00:141][  0]LogConfig: Setting CVar [[r.HairStrands.SkyLighting.IntegrationType:2]]
[2023.11.07-07.25.00:141][  0]LogConfig: Setting CVar [[r.HairStrands.SkyAO.SampleCount:4]]
[2023.11.07-07.25.00:141][  0]LogConfig: Setting CVar [[r.HairStrands.Visibility.MSAA.SamplePerPixel:4]]
[2023.11.07-07.25.00:141][  0]LogConfig: Applying CVar settings from Section [Startup] File [../../../Engine/Config/ConsoleVariables.ini]
[2023.11.07-07.25.00:141][  0]LogConfig: Setting CVar [[net.UseAdaptiveNetUpdateFrequency:0]]
[2023.11.07-07.25.00:141][  0]LogConfig: Setting CVar [[p.chaos.AllowCreatePhysxBodies:1]]
[2023.11.07-07.25.00:141][  0]LogConfig: Setting CVar [[fx.SkipVectorVMBackendOptimizations:1]]
[2023.11.07-07.25.00:141][  0]LogConfig: Applying CVar settings from Section [ConsoleVariables] File [D:/Unreal Projects/UE4 Look-At Sensor/UE4-Look-At-Sensor-Austin-Ozan/LookAtSensorCPP/Saved/Config/Windows/Engine.ini]
[2023.11.07-07.25.00:141][  0]LogConfig: Applying CVar settings from Section [ConsoleVariables] File [D:/Unreal Projects/UE4 Look-At Sensor/UE4-Look-At-Sensor-Austin-Ozan/LookAtSensorCPP/Saved/Config/Windows/Editor.ini]
[2023.11.07-07.25.00:141][  0]LogInit: Computer: LAPTOP-FTPKFAPU
[2023.11.07-07.25.00:141][  0]LogInit: User: austi
[2023.11.07-07.25.00:141][  0]LogInit: CPU Page size=4096, Cores=4
[2023.11.07-07.25.00:141][  0]LogInit: High frequency timer resolution =10.000000 MHz
[2023.11.07-07.25.00:141][  0]LogMemory: Memory total: Physical=13.9GB (14GB approx)
[2023.11.07-07.25.00:142][  0]LogMemory: Platform Memory Stats for Windows
[2023.11.07-07.25.00:142][  0]LogMemory: Process Physical Memory: 136.82 MB used, 136.82 MB peak
[2023.11.07-07.25.00:142][  0]LogMemory: Process Virtual Memory: 110.14 MB used, 110.14 MB peak
[2023.11.07-07.25.00:142][  0]LogMemory: Physical Memory: 10507.09 MB used,  3706.09 MB free, 14213.17 MB total
[2023.11.07-07.25.00:142][  0]LogMemory: Virtual Memory: 134214032.00 MB used,  3694.51 MB free, 134217728.00 MB total
[2023.11.07-07.25.00:151][  0]LogWindows: WindowsPlatformFeatures enabled
[2023.11.07-07.25.00:228][  0]LogInit: Physics initialised using underlying interface: PhysX
[2023.11.07-07.25.00:228][  0]LogInit: Using OS detected language (en-US).
[2023.11.07-07.25.00:228][  0]LogInit: Using OS detected locale (en-US).
[2023.11.07-07.25.00:233][  0]LogTextLocalizationManager: No specific localization for 'en-US' exists, so the 'en' localization will be used.
[2023.11.07-07.25.01:309][  0]LogTargetPlatformManager: Display: Loaded TargetPlatform 'AllDesktop'
[2023.11.07-07.25.01:344][  0]LogTargetPlatformManager: Display: Loaded TargetPlatform 'Android'
[2023.11.07-07.25.01:345][  0]LogTargetPlatformManager: Display: Loaded TargetPlatform 'Android_ASTC'
[2023.11.07-07.25.01:345][  0]LogTargetPlatformManager: Display: Loaded TargetPlatform 'Android_DXT'
[2023.11.07-07.25.01:345][  0]LogTargetPlatformManager: Display: Loaded TargetPlatform 'Android_ETC2'
[2023.11.07-07.25.01:345][  0]LogTargetPlatformManager: Display: Loaded TargetPlatform 'AndroidClient'
[2023.11.07-07.25.01:345][  0]LogTargetPlatformManager: Display: Loaded TargetPlatform 'Android_ASTCClient'
[2023.11.07-07.25.01:345][  0]LogTargetPlatformManager: Display: Loaded TargetPlatform 'Android_DXTClient'
[2023.11.07-07.25.01:345][  0]LogTargetPlatformManager: Display: Loaded TargetPlatform 'Android_ETC2Client'
[2023.11.07-07.25.01:345][  0]LogTargetPlatformManager: Display: Loaded TargetPlatform 'Android_Multi'
[2023.11.07-07.25.01:345][  0]LogTargetPlatformManager: Display: Loaded TargetPlatform 'Android_MultiClient'
[2023.11.07-07.25.01:374][  0]LogTargetPlatformManager: Display: Loaded TargetPlatform 'IOSClient'
[2023.11.07-07.25.01:374][  0]LogTargetPlatformManager: Display: Loaded TargetPlatform 'IOS'
[2023.11.07-07.25.01:388][  0]LogTargetPlatformManager: Display: Loaded TargetPlatform 'Linux'
[2023.11.07-07.25.01:397][  0]LogTargetPlatformManager: Display: Loaded TargetPlatform 'LinuxNoEditor'
[2023.11.07-07.25.01:406][  0]LogTargetPlatformManager: Display: Loaded TargetPlatform 'LinuxClient'
[2023.11.07-07.25.01:415][  0]LogTargetPlatformManager: Display: Loaded TargetPlatform 'LinuxServer'
[2023.11.07-07.25.01:431][  0]LogTargetPlatformManager: Display: Loaded TargetPlatform 'LinuxAArch64NoEditor'
[2023.11.07-07.25.01:440][  0]LogTargetPlatformManager: Display: Loaded TargetPlatform 'LinuxAArch64Client'
[2023.11.07-07.25.01:448][  0]LogTargetPlatformManager: Display: Loaded TargetPlatform 'LinuxAArch64Server'
[2023.11.07-07.25.01:479][  0]LogTargetPlatformManager: Display: Loaded TargetPlatform 'Lumin'
[2023.11.07-07.25.01:479][  0]LogTargetPlatformManager: Display: Loaded TargetPlatform 'LuminClient'
[2023.11.07-07.25.01:493][  0]LogTargetPlatformManager: Display: Loaded TargetPlatform 'MacNoEditor'
[2023.11.07-07.25.01:500][  0]LogTargetPlatformManager: Display: Loaded TargetPlatform 'Mac'
[2023.11.07-07.25.01:507][  0]LogTargetPlatformManager: Display: Loaded TargetPlatform 'MacClient'
[2023.11.07-07.25.01:514][  0]LogTargetPlatformManager: Display: Loaded TargetPlatform 'MacServer'
[2023.11.07-07.25.01:528][  0]LogTargetPlatformManager: Display: Loaded TargetPlatform 'TVOSClient'
[2023.11.07-07.25.01:528][  0]LogTargetPlatformManager: Display: Loaded TargetPlatform 'TVOS'
[2023.11.07-07.25.01:541][  0]LogTargetPlatformManager: Display: Loaded TargetPlatform 'WindowsNoEditor'
[2023.11.07-07.25.01:550][  0]LogTargetPlatformManager: Display: Loaded TargetPlatform 'Windows'
[2023.11.07-07.25.01:558][  0]LogTargetPlatformManager: Display: Loaded TargetPlatform 'WindowsClient'
[2023.11.07-07.25.01:565][  0]LogTargetPlatformManager: Display: Loaded TargetPlatform 'WindowsServer'
[2023.11.07-07.25.01:566][  0]LogTargetPlatformManager: Display: Building Assets For Windows
[2023.11.07-07.25.01:579][  0]LogAudioDebug: Display: Lib vorbis DLL was dynamically loaded.
[2023.11.07-07.25.01:632][  0]LogTextureFormatOodle: Display: Oodle Texture 2.9.0 init RDO Off
[2023.11.07-07.25.01:689][  0]LogRendererCore: Ray tracing is disabled. Reason: r.RayTracing=0.
[2023.11.07-07.25.01:690][  0]LogDerivedDataCache: Display: Max Cache Size: 512 MB
[2023.11.07-07.25.01:690][  0]LogDerivedDataCache: Display: Starting with empty Boot cache
[2023.11.07-07.25.01:690][  0]LogDerivedDataCache: FDerivedDataBackendGraph:  Pak pak cache file ../../../../../Unreal Projects/UE4 Look-At Sensor/UE4-Look-At-Sensor-Austin-Ozan/LookAtSensorCPP/DerivedDataCache/DDC.ddp not found, will not use a pak cache.
[2023.11.07-07.25.01:691][  0]LogDerivedDataCache: Unable to find inner node Pak for hierarchical cache Hierarchy.
[2023.11.07-07.25.02:030][  0]LogDerivedDataCache: Speed tests for ../../../Engine/DerivedDataCache took 0.34 seconds
[2023.11.07-07.25.02:030][  0]LogDerivedDataCache: Display: Performance to ../../../Engine/DerivedDataCache: Latency=7.40ms. RandomReadSpeed=4.21MBs, RandomWriteSpeed=30.68MBs. Assigned SpeedClass 'Fast'
[2023.11.07-07.25.02:034][  0]LogDerivedDataCache: Using Local data cache path ../../../Engine/DerivedDataCache: Writable
[2023.11.07-07.25.02:086][  0]LogAssetRegistry: FAssetRegistry took 0.0036 seconds to start up
[2023.11.07-07.25.02:527][  0]LogInit: Selected Device Profile: [Windows]
[2023.11.07-07.25.02:528][  0]LogInit: Active device profile: [000001FF17196D00][000001FF0A232F80 49] Windows
[2023.11.07-07.25.02:528][  0]LogInit: Profiles: [000001FF17196D00][000001FF0A232F80 49] Windows, [000001FF17195800][000001FF0A237240 49] WindowsNoEditor, [000001FF17196E00][000001FF0A23B500 49] WindowsServer, [000001FF17115E00][000001FF0A23F7C0 49] WindowsClient, [000001FF170FE700][000001FF0A243A80 49] IOS, [000001FF17114200][000001FF0A2461C0 49] iPadAir, [000001FF170FC100][000001FF0A24A480 49] iPadAir2, [000001FF170C1200][000001FF156F49C0 49] IPadPro, [000001FF170C1300][000001FF0A24EA00 49] iPadAir3, [000001FF170FE500][000001FF15872C80 49] iPadAir4, [000001FF170C0400][000001FF156ECF00 49] iPadMini2, [000001FF170FF200][000001FF156F11C0 49] iPadMini3, [000001FF170C1700][000001FF156FF480 49] iPadMini4, [000001FF170FF700][000001FF15703740 49] iPadMini5, [000001FF17115700][000001FF15716100 49] iPhone6, [000001FF17115800][000001FF15706140 49] iPodTouch6, [000001FF170C3B00][000001FF168A4680 49] iPhone7, [000001FF170C3A00][000001FF1570E6C0 49] iPodTouch7, [000001FF17114E00][000001FF15712980 49] iPhone5S, [000001FF170C0C00][000001FF1570AC40 49] iPhone6Plus, [000001FF17114700][000001FF156E8EC0 49] iPhone6S, [000001FF170C3700][000001FF168A1140 49] iPhone6SPlus, [000001FF17115200][000001FF168AD400 49] iPhone7Plus, [000001FF170C3F00][000001FF168B16C0 49] iPhoneSE, [000001FF17117400][000001FF168B5980 49] iPhone8, [000001FF170C3200][000001FF168B80C0 49] iPhone8Plus, [000001FF17117D00][000001FF168BC380 49] iPhoneX, [000001FF170C1B00][000001FF168C0640 49] iPhoneXS, [000001FF17116300][000001FF168C4900 49] iPhoneXSMax, [000001FF170C3000][000001FF168C8BC0 49] iPhoneXR, [000001FF17117B00][000001FF168CCE80 49] iPhone11, [000001FF170C1A00][000001FF168A9100 49] iPhone11Pro, [000001FF17116800][000001FF168D1380 49] iPhone11ProMax, [000001FF170C2B00][000001FF168D9640 49] iPhoneSE2, [000001FF17116D00][000001FF168DD900 49] iPhone12Mini, [000001FF170C2400][000001FF168E1BC0 49] iPhone12, [000001FF17115D00][000001FF168E4300 49] iPhone12Pro, [000001FF170C3E00][000001FF168E85C0 49] iPhone12ProMax, [000001FF17115100][000001FF16C42880 49] iPadPro105, [000001FF170C1100][000001FF16C46B40 49] iPadPro129, [000001FF17114300][000001FF16C4AE00 49] iPadPro97, [000001FF170C3400][000001FF16C4F0C0 49] iPadPro2_129, [000001FF17115500][000001FF168D5340 49] iPad5, [000001FF170C1500][000001FF16C535C0 49] iPad6, [000001FF17116700][000001FF16C5B880 49] iPad7, [000001FF170C0900][000001FF16C5FB40 49] iPad8, [000001FF17116E00][000001FF16C62280 49] iPadPro11, [000001FF170C1800][000001FF16C66540 49] iPadPro2_11, [000001FF17117500][000001FF16C6A800 49] iPadPro3_129, [000001FF170C0100][000001FF16C6EAC0 49] iPadPro4_129, [000001FF17116200][000001FF16C72D80 49] AppleTV, [000001FF170C3C00][000001FF16C77040 49] AppleTV4K, [000001FF17115000][000001FF16C7B300 49] TVOS, [000001FF170C3D00][000001FF16C57580 49] Mac, [000001FF17114C00][000001FF16C7F800 49] MacClient, [000001FF170C3900][000001FF16C87AC0 49] MacNoEditor, [000001FF17117A00][000001FF16C8A200 49] MacServer, [000001FF170C2000][000001FF16C8E4C0 49] Linux, [000001FF17115B00][000001FF16C92780 49] LinuxAArch64, [000001FF170C1600][000001FF16C96A40 49] LinuxNoEditor, [000001FF17115400][000001FF16C9AD00 49] LinuxAArch64NoEditor, [000001FF170C2D00][000001FF17E6EFC0 49] LinuxClient, [000001FF17114B00][000001FF17E73280 49] LinuxAArch64Client, [000001FF170C0B00][000001FF17E77540 49] LinuxServer, [000001FF17114A00][000001FF16C837C0 49] LinuxAArch64Server, [000001FF170C2E00][000001FF17E7BA40 49] Android, [000001FF17117200][000001FF17E82180 49] Android_Low, [000001FF170C1C00][000001FF17E86440 49] Android_Mid, [000001FF17115600][000001FF17E8A700 49] Android_High, [000001FF17195200][000001FF17E8E9C0 49] Android_Default, [000001FF170FD000][000001FF17E92C80 49] Android_Adreno4xx, [000001FF17195900][000001FF17E96F40 49] Android_Adreno5xx_Low, [000001FF170FED00][000001FF17E9B200 49] Android_Adreno5xx, [000001FF17196600][000001FF17E9F4C0 49] Android_Adreno6xx, [000001FF170FEA00][000001FF17EA3780 49] Android_Adreno6xx_Vulkan, [000001FF17196B00][000001FF17E7FA00 49] Android_Mali_T6xx, [000001FF170FDB00][000001FF17EAA140 49] Android_Mali_T7xx, [000001FF17196C00][000001FF17EAE400 49] Android_Mali_T8xx, [000001FF170FE600][000001FF17EB26C0 49] Android_Mali_G71, [000001FF17196700][000001FF17EB6980 49] Android_Mali_G72, [000001FF170FEF00][000001FF17EBAC40 49] Android_Mali_G72_Vulkan, [000001FF17195B00][000001FF17EBEF00 49] Android_Mali_G76, [000001FF170FF300][000001FF17EC31C0 49] Android_Mali_G76_Vulkan, [000001FF17194C00][000001FF17EC7480 49] Android_Mali_G77, [000001FF170FE100][000001FF17ECB740 49] Android_Mali_G77_Vulkan, [000001FF17195D00][000001FF17EA79C0 49] Android_Mali_G78, [000001FF170FF400][000001FF17ECE0C0 49] Android_Mali_G78_Vulkan, [000001FF17196300][000001FF17ED6380 49] Android_Mali_G710, [000001FF170FDF00][000001FF17EDA640 49] Android_Mali_G710_Vulkan, [000001FF17195300][000001FF17EDE900 49] Android_Vulkan_SM5, [000001FF170FEE00][000001FF17EE2BC0 49] Android_PowerVR_G6xxx, [000001FF17115A00][000001FF17EE6E80 49] Android_PowerVR_GT7xxx, [000001FF170FD300][000001FF17EEB140 49] Android_PowerVR_GE8xxx, [000001FF17116000][000001FF17EEF400 49] Android_PowerVR_GM9xxx, [000001FF170C0600][000001FF17EF36C0 49] Android_PowerVR_GM9xxx_Vulkan, [000001FF17194E00][000001FF17EF7980 49] Android_TegraK1, [000001FF170C1900][000001FF17ED3C00 49] Android_Unknown_Vulkan, [000001FF17195600][000001FF17EFA300 49] Lumin, [000001FF170C1F00][000001FF17F025C0 49] Lumin_Desktop, [000001FF17195700][000001FF17F06880 49] HoloLens, 
[2023.11.07-07.25.02:589][  0]LogMeshReduction: Using QuadricMeshReduction for automatic static mesh reduction
[2023.11.07-07.25.02:589][  0]LogMeshReduction: Using SimplygonMeshReduction for automatic skeletal mesh reduction
[2023.11.07-07.25.02:589][  0]LogMeshReduction: Using ProxyLODMeshReduction for automatic mesh merging
[2023.11.07-07.25.02:589][  0]LogMeshReduction: No distributed automatic mesh merging module available
[2023.11.07-07.25.02:589][  0]LogMeshMerging: No distributed automatic mesh merging module available
[2023.11.07-07.25.02:715][  0]LogNetVersion: LookAtSensorCPP 1.0.0, NetCL: 17155196, EngineNetVer: 17, GameNetVer: 0 (Checksum: 3051486400)
[2023.11.07-07.25.03:515][  0]LogHMD: PokeAHoleMaterial loaded successfully
[2023.11.07-07.25.03:700][  0]LogCollectionManager: Loaded 0 collections in 0.001498 seconds
[2023.11.07-07.25.03:704][  0]LogFileCache: Scanning file cache for directory 'D:/Unreal Projects/UE4 Look-At Sensor/UE4-Look-At-Sensor-Austin-Ozan/LookAtSensorCPP/Saved/Collections/' took 0.00s
[2023.11.07-07.25.03:704][  0]LogFileCache: Scanning file cache for directory 'D:/Unreal Projects/UE4 Look-At Sensor/UE4-Look-At-Sensor-Austin-Ozan/LookAtSensorCPP/Content/Developers/austi/Collections/' took 0.00s
[2023.11.07-07.25.03:704][  0]LogFileCache: Scanning file cache for directory 'D:/Unreal Projects/UE4 Look-At Sensor/UE4-Look-At-Sensor-Austin-Ozan/LookAtSensorCPP/Content/Collections/' took 0.00s
[2023.11.07-07.25.03:704][  0]LogCollectionManager: Fixed up redirectors for 0 collections in 0.000002 seconds (updated 0 objects)
[2023.11.07-07.25.03:895][  0]LogNiagaraDebuggerClient: Niagara Debugger Client Initialized | Session: 30B83B8146EAB089AB87F8A664689C97 | Instance: A79BD0464B0D298993F45D8A0FB7E157 (LAPTOP-FTPKFAPU-22712).
[2023.11.07-07.25.04:084][  0]LogPython: Using Python 3.7.7
[2023.11.07-07.25.05:640][  0]SourceControl: Source control is disabled
[2023.11.07-07.25.05:640][  0]SourceControl: Source control is disabled
[2023.11.07-07.25.05:644][  0]SourceControl: Source control is disabled
[2023.11.07-07.25.05:654][  0]SourceControl: Source control is disabled
[2023.11.07-07.25.05:659][  0]SourceControl: Source control is disabled
[2023.11.07-07.25.05:669][  0]LogUProjectInfo: Found projects:
[2023.11.07-07.25.06:017][  0]LogOpenImageDenoise: OIDN starting up
[2023.11.07-07.25.06:042][  0]LogAndroidPermission: UAndroidPermissionCallbackProxy::GetInstance
[2023.11.07-07.25.06:073][  0]LogAudioCaptureCore: Display: No Audio Capture implementations found. Audio input will be silent.
[2023.11.07-07.25.06:073][  0]LogAudioCaptureCore: Display: No Audio Capture implementations found. Audio input will be silent.
[2023.11.07-07.25.06:988][  0]LogOcInput: OculusInput pre-init called
[2023.11.07-07.25.07:356][  0]LogUObjectArray: 24105 objects as part of root set at end of initial load.
[2023.11.07-07.25.07:356][  0]LogUObjectAllocator: 6851424 out of 0 bytes used by permanent object pool.
[2023.11.07-07.25.07:356][  0]LogUObjectArray: CloseDisregardForGC: 0/0 objects in disregard for GC pool
[2023.11.07-07.25.07:359][  0]LogInit: Error: VisualStudioToolsCommandlet looked like a commandlet, but we could not find the class.
[2023.11.07-07.25.07:359][  0]LogCore: Engine exit requested (reason: Failed to find commandlet class VisualStudioToolsCommandlet)
[2023.11.07-07.25.07:359][  0]LogCore: Engine exit requested (reason: EngineExit() was called; note: exit was already requested)
[2023.11.07-07.25.07:359][  0]LogExit: Preparing to exit.
[2023.11.07-07.25.07:368][  0]LogUObjectHash: Compacting FUObjectHashTables data took   1.02ms
[2023.11.07-07.25.07:463][  0]LogDemo: Cleaned up 0 splitscreen connections with owner deletion
[2023.11.07-07.25.07:517][  0]LogExit: Object subsystem successfully closed.
[2023.11.07-07.25.07:552][  0]LogModuleManager: Shutting down and abandoning module AudioSynesthesiaEditor (596)
[2023.11.07-07.25.07:552][  0]LogModuleManager: Shutting down and abandoning module OculusEditor (594)
[2023.11.07-07.25.07:552][  0]LogModuleManager: Shutting down and abandoning module OculusInput (592)
[2023.11.07-07.25.07:552][  0]LogModuleManager: Shutting down and abandoning module ContentBrowserFileDataSource (590)
[2023.11.07-07.25.07:552][  0]LogModuleManager: Shutting down and abandoning module ContentBrowserClassDataSource (588)
[2023.11.07-07.25.07:552][  0]LogModuleManager: Shutting down and abandoning module ContentBrowserAssetDataSource (586)
[2023.11.07-07.25.07:552][  0]LogModuleManager: Shutting down and abandoning module ToolMenus (585)
[2023.11.07-07.25.07:552][  0]LogModuleManager: Shutting down and abandoning module SynthesisEditor (582)
[2023.11.07-07.25.07:552][  0]LogModuleManager: Shutting down and abandoning module Synthesis (580)
[2023.11.07-07.25.07:552][  0]LogModuleManager: Shutting down and abandoning module ProceduralMeshComponentEditor (578)
[2023.11.07-07.25.07:552][  0]LogModuleManager: Shutting down and abandoning module ProceduralMeshComponent (576)
[2023.11.07-07.25.07:552][  0]LogModuleManager: Shutting down and abandoning module OpenXREditor (574)
[2023.11.07-07.25.07:552][  0]LogModuleManager: Shutting down and abandoning module MobilePatchingUtils (572)
[2023.11.07-07.25.07:552][  0]LogModuleManager: Shutting down and abandoning module TakeSequencer (570)
[2023.11.07-07.25.07:552][  0]LogModuleManager: Shutting down and abandoning module TakeMovieScene (568)
[2023.11.07-07.25.07:552][  0]LogModuleManager: Shutting down and abandoning module GooglePAD (566)
[2023.11.07-07.25.07:552][  0]LogModuleManager: Shutting down and abandoning module EditableMesh (564)
[2023.11.07-07.25.07:552][  0]LogModuleManager: Shutting down and abandoning module CustomMeshComponent (562)
[2023.11.07-07.25.07:552][  0]LogModuleManager: Shutting down and abandoning module CableComponent (560)
[2023.11.07-07.25.07:552][  0]LogModuleManager: Shutting down and abandoning module AudioCapture (558)
[2023.11.07-07.25.07:552][  0]LogModuleManager: Shutting down and abandoning module AudioCaptureRtAudio (557)
[2023.11.07-07.25.07:553][  0]LogModuleManager: Shutting down and abandoning module AssetTags (554)
[2023.11.07-07.25.07:553][  0]LogModuleManager: Shutting down and abandoning module ArchVisCharacter (552)
[2023.11.07-07.25.07:553][  0]LogModuleManager: Shutting down and abandoning module AppleImageUtilsBlueprintSupport (550)
[2023.11.07-07.25.07:553][  0]LogModuleManager: Shutting down and abandoning module AppleImageUtils (548)
[2023.11.07-07.25.07:553][  0]LogModuleManager: Shutting down and abandoning module AndroidPermission (546)
[2023.11.07-07.25.07:553][  0]LogModuleManager: Shutting down and abandoning module ScreenshotTools (544)
[2023.11.07-07.25.07:553][  0]LogModuleManager: Shutting down and abandoning module ActorLayerUtilitiesEditor (542)
[2023.11.07-07.25.07:553][  0]LogModuleManager: Shutting down and abandoning module ActorLayerUtilities (540)
[2023.11.07-07.25.07:553][  0]LogModuleManager: Shutting down and abandoning module TemplateSequence (538)
[2023.11.07-07.25.07:553][  0]LogModuleManager: Shutting down and abandoning module OpenImageDenoise (536)
[2023.11.07-07.25.07:553][  0]LogOpenImageDenoise: OIDN shutting down
[2023.11.07-07.25.07:553][  0]LogModuleManager: Shutting down and abandoning module MotoSynthEditor (534)
[2023.11.07-07.25.07:553][  0]LogModuleManager: Shutting down and abandoning module MotoSynth (532)
[2023.11.07-07.25.07:553][  0]LogModuleManager: Shutting down and abandoning module MeshConversion (530)
[2023.11.07-07.25.07:553][  0]LogModuleManager: Shutting down and abandoning module DynamicMesh (528)
[2023.11.07-07.25.07:553][  0]LogModuleManager: Shutting down and abandoning module GeometryAlgorithms (526)
[2023.11.07-07.25.07:553][  0]LogModuleManager: Shutting down and abandoning module GeometricObjects (524)
[2023.11.07-07.25.07:553][  0]LogModuleManager: Shutting down and abandoning module GeometryCollectionTracks (522)
[2023.11.07-07.25.07:553][  0]LogModuleManager: Shutting down and abandoning module GeometryCollectionSequencer (521)
[2023.11.07-07.25.07:553][  0]LogModuleManager: Shutting down and abandoning module GeometryCollectionEditor (518)
[2023.11.07-07.25.07:553][  0]LogModuleManager: Shutting down and abandoning module GeometryCacheTracks (516)
[2023.11.07-07.25.07:553][  0]LogModuleManager: Shutting down and abandoning module GeometryCacheStreamer (514)
[2023.11.07-07.25.07:553][  0]LogModuleManager: Shutting down and abandoning module GeometryCacheSequencer (512)
[2023.11.07-07.25.07:553][  0]LogModuleManager: Shutting down and abandoning module ChaosSolverEditor (510)
[2023.11.07-07.25.07:553][  0]LogModuleManager: Shutting down and abandoning module ChaosNiagara (508)
[2023.11.07-07.25.07:553][  0]LogModuleManager: Shutting down and abandoning module FractureEditor (506)
[2023.11.07-07.25.07:553][  0]LogModuleManager: Shutting down and abandoning module FieldSystemEngine (505)
[2023.11.07-07.25.07:553][  0]LogModuleManager: Shutting down and abandoning module ChaosClothEditor (502)
[2023.11.07-07.25.07:553][  0]LogModuleManager: Shutting down and abandoning module AlembicImporter (500)
[2023.11.07-07.25.07:553][  0]LogModuleManager: Shutting down and abandoning module AlembicLibrary (499)
[2023.11.07-07.25.07:554][  0]LogModuleManager: Shutting down and abandoning module GeometryCache (498)
[2023.11.07-07.25.07:554][  0]LogModuleManager: Shutting down and abandoning module GeometryCacheEd (497)
[2023.11.07-07.25.07:554][  0]LogModuleManager: Shutting down and abandoning module AutomationUtilsEditor (492)
[2023.11.07-07.25.07:554][  0]LogModuleManager: Shutting down and abandoning module AutomationUtils (490)
[2023.11.07-07.25.07:554][  0]LogModuleManager: Shutting down and abandoning module MediaCompositing (488)
[2023.11.07-07.25.07:554][  0]LogModuleManager: Shutting down and abandoning module MagicLeapSharedWorld (486)
[2023.11.07-07.25.07:554][  0]LogModuleManager: Shutting down and abandoning module MagicLeapLightEstimation (484)
[2023.11.07-07.25.07:554][  0]LogModuleManager: Shutting down and abandoning module MagicLeapHelperVulkan (482)
[2023.11.07-07.25.07:554][  0]LogModuleManager: Shutting down and abandoning module MagicLeapHelperOpenGL (480)
[2023.11.07-07.25.07:554][  0]LogModuleManager: Shutting down and abandoning module MagicLeapAudio (478)
[2023.11.07-07.25.07:554][  0]LogModuleManager: Shutting down and abandoning module NiagaraEditorWidgets (476)
[2023.11.07-07.25.07:554][  0]LogModuleManager: Shutting down and abandoning module VariantManagerContentEditor (474)
[2023.11.07-07.25.07:554][  0]LogModuleManager: Shutting down and abandoning module DatasmithContentEditor (472)
[2023.11.07-07.25.07:554][  0]LogModuleManager: Shutting down and abandoning module SpeedTreeImporter (470)
[2023.11.07-07.25.07:554][  0]LogModuleManager: Shutting down and abandoning module PluginBrowser (468)
[2023.11.07-07.25.07:554][  0]LogModuleManager: Shutting down and abandoning module MobileLauncherProfileWizard (466)
[2023.11.07-07.25.07:554][  0]LogModuleManager: Shutting down and abandoning module MaterialAnalyzer (464)
[2023.11.07-07.25.07:554][  0]LogModuleManager: Shutting down and abandoning module VisualStudioCodeSourceCodeAccess (462)
[2023.11.07-07.25.07:554][  0]LogModuleManager: Shutting down and abandoning module CurveEditorTools (460)
[2023.11.07-07.25.07:554][  0]LogModuleManager: Shutting down and abandoning module CryptoKeysOpenSSL (458)
[2023.11.07-07.25.07:554][  0]LogModuleManager: Shutting down and abandoning module CryptoKeys (456)
[2023.11.07-07.25.07:554][  0]LogModuleManager: Shutting down and abandoning module VisualStudioSourceCodeAccess (454)
[2023.11.07-07.25.07:554][  0]LogModuleManager: Shutting down and abandoning module UObjectPlugin (452)
[2023.11.07-07.25.07:554][  0]LogModuleManager: Shutting down and abandoning module SubversionSourceControl (450)
[2023.11.07-07.25.07:554][  0]LogModuleManager: Shutting down and abandoning module PerforceSourceControl (448)
[2023.11.07-07.25.07:555][  0]LogModuleManager: Shutting down and abandoning module PluginUtils (446)
[2023.11.07-07.25.07:555][  0]LogModuleManager: Shutting down and abandoning module PlasticSourceControl (444)
[2023.11.07-07.25.07:555][  0]LogModuleManager: Shutting down and abandoning module GitSourceControl (442)
[2023.11.07-07.25.07:555][  0]LogModuleManager: Shutting down and abandoning module SourceControl (441)
[2023.11.07-07.25.07:555][  0]LogModuleManager: Shutting down and abandoning module CLionSourceCodeAccess (438)
[2023.11.07-07.25.07:555][  0]LogModuleManager: Shutting down and abandoning module AnimationSharingEd (436)
[2023.11.07-07.25.07:555][  0]LogModuleManager: Shutting down and abandoning module OodleNetworkHandlerComponent (434)
[2023.11.07-07.25.07:555][  0]LogModuleManager: Shutting down and abandoning module LightPropagationVolumeEditor (432)
[2023.11.07-07.25.07:555][  0]LogModuleManager: Shutting down and abandoning module LiveLinkSequencer (430)
[2023.11.07-07.25.07:555][  0]LogModuleManager: Shutting down and abandoning module LiveLinkMovieScene (428)
[2023.11.07-07.25.07:555][  0]LogModuleManager: Shutting down and abandoning module LiveLinkGraphNode (426)
[2023.11.07-07.25.07:555][  0]LogModuleManager: Shutting down and abandoning module LiveLinkEditor (424)
[2023.11.07-07.25.07:555][  0]LogModuleManager: Shutting down and abandoning module LiveLinkComponents (422)
[2023.11.07-07.25.07:555][  0]LogModuleManager: Shutting down and abandoning module LiveLink (420)
[2023.11.07-07.25.08:548][  0]LogModuleManager: Shutting down and abandoning module PaperTiledImporter (418)
[2023.11.07-07.25.08:548][  0]LogModuleManager: Shutting down and abandoning module PaperSpriteSheetImporter (416)
[2023.11.07-07.25.08:548][  0]LogModuleManager: Shutting down and abandoning module Paper2DEditor (414)
[2023.11.07-07.25.08:548][  0]LogModuleManager: Shutting down and abandoning module MeshPaintingToolset (412)
[2023.11.07-07.25.08:548][  0]LogModuleManager: Shutting down and abandoning module MeshPaintEditorMode (410)
[2023.11.07-07.25.08:548][  0]LogModuleManager: Shutting down and abandoning module LookAtSensorCPP (408)
[2023.11.07-07.25.08:548][  0]LogModuleManager: Shutting down and abandoning module AnimGraph (407)
[2023.11.07-07.25.08:548][  0]LogModuleManager: Shutting down and abandoning module SoundFields (404)
[2023.11.07-07.25.08:548][  0]LogModuleManager: Shutting down and abandoning module RuntimePhysXCooking (402)
[2023.11.07-07.25.08:548][  0]LogModuleManager: Shutting down and abandoning module SignificanceManager (400)
[2023.11.07-07.25.08:548][  0]LogModuleManager: Shutting down and abandoning module PropertyAccessEditor (398)
[2023.11.07-07.25.08:548][  0]LogModuleManager: Shutting down and abandoning module PhysXVehiclesEditor (396)
[2023.11.07-07.25.08:548][  0]LogModuleManager: Shutting down and abandoning module LocationServicesBPLibrary (392)
[2023.11.07-07.25.08:548][  0]LogModuleManager: Shutting down and abandoning module AudioSynesthesia (390)
[2023.11.07-07.25.08:548][  0]LogModuleManager: Shutting down and abandoning module AudioSynesthesiaCore (388)
[2023.11.07-07.25.08:548][  0]LogModuleManager: Shutting down and abandoning module ActorSequence (386)
[2023.11.07-07.25.08:548][  0]LogModuleManager: Shutting down and abandoning module PythonScriptPlugin (384)
[2023.11.07-07.25.08:549][  0]LogModuleManager: Shutting down and abandoning module UdpMessaging (382)
[2023.11.07-07.25.08:549][  0]LogModuleManager: Shutting down and abandoning module TcpMessaging (380)
[2023.11.07-07.25.08:549][  0]LogModuleManager: Shutting down and abandoning module MagicLeapARPin (378)
[2023.11.07-07.25.08:549][  0]LogModuleManager: Shutting down and abandoning module MagicLeapHandMeshing (376)
[2023.11.07-07.25.08:549][  0]LogModuleManager: Shutting down and abandoning module MagicLeapSecureStorage (374)
[2023.11.07-07.25.08:549][  0]LogModuleManager: Shutting down and abandoning module MagicLeapPrivileges (372)
[2023.11.07-07.25.08:549][  0]LogModuleManager: Shutting down and abandoning module MagicLeapPlanes (370)
[2023.11.07-07.25.08:549][  0]LogMagicLeapPlanes: Planes tracker already destroyed.
[2023.11.07-07.25.08:549][  0]LogModuleManager: Shutting down and abandoning module MagicLeapImageTracker (368)
[2023.11.07-07.25.08:549][  0]LogModuleManager: Shutting down and abandoning module MagicLeapIdentity (366)
[2023.11.07-07.25.08:549][  0]LogModuleManager: Shutting down and abandoning module MagicLeapHandTracking (364)
[2023.11.07-07.25.08:549][  0]LogModuleManager: Shutting down and abandoning module MagicLeapEyeTracker (362)
[2023.11.07-07.25.08:549][  0]LogModuleManager: Shutting down and abandoning module MagicLeapController (360)
[2023.11.07-07.25.08:549][  0]LogModuleManager: Shutting down and abandoning module MagicLeapARPinImpl (358)
[2023.11.07-07.25.08:549][  0]LogModuleManager: Shutting down and abandoning module MagicLeapAR (356)
[2023.11.07-07.25.08:549][  0]LogModuleManager: Shutting down and abandoning module NiagaraAnimNotifies (354)
[2023.11.07-07.25.08:549][  0]LogModuleManager: Shutting down and abandoning module Niagara (352)
[2023.11.07-07.25.08:549][  0]LogModuleManager: Shutting down and abandoning module SignalProcessing (351)
[2023.11.07-07.25.08:549][  0]LogModuleManager: Shutting down and abandoning module NiagaraEditor (349)
[2023.11.07-07.25.08:549][  0]LogModuleManager: Shutting down and abandoning module NiagaraCore (346)
[2023.11.07-07.25.08:549][  0]LogModuleManager: Shutting down and abandoning module GameplayTagsEditor (344)
[2023.11.07-07.25.08:549][  0]LogModuleManager: Shutting down and abandoning module FacialAnimationEditor (342)
[2023.11.07-07.25.08:549][  0]LogModuleManager: Shutting down and abandoning module FacialAnimation (340)
[2023.11.07-07.25.08:549][  0]LogModuleManager: Shutting down and abandoning module DataValidation (338)
[2023.11.07-07.25.08:550][  0]LogModuleManager: Shutting down and abandoning module AssetManagerEditor (336)
[2023.11.07-07.25.08:550][  0]LogModuleManager: Shutting down and abandoning module TreeMap (335)
[2023.11.07-07.25.08:550][  0]LogModuleManager: Shutting down and abandoning module PropertyAccessNode (332)
[2023.11.07-07.25.08:550][  0]LogModuleManager: Shutting down and abandoning module AnimationSharing (330)
[2023.11.07-07.25.08:550][  0]LogModuleManager: Shutting down and abandoning module GameplayCameras (328)
[2023.11.07-07.25.08:550][  0]LogModuleManager: Shutting down and abandoning module LightPropagationVolumeRuntime (326)
[2023.11.07-07.25.08:550][  0]LogModuleManager: Shutting down and abandoning module EnvironmentQueryEditor (324)
[2023.11.07-07.25.08:550][  0]LogModuleManager: Shutting down and abandoning module Paper2D (322)
[2023.11.07-07.25.08:550][  0]LogModuleManager: Shutting down and abandoning module NetworkReplayStreaming (320)
[2023.11.07-07.25.08:550][  0]LogModuleManager: Shutting down and abandoning module PacketHandler (318)
[2023.11.07-07.25.08:550][  0]LogModuleManager: Shutting down and abandoning module ClothingSystemEditor (316)
[2023.11.07-07.25.08:550][  0]LogModuleManager: Shutting down and abandoning module ClothingSystemRuntimeNv (314)
[2023.11.07-07.25.08:550][  0]LogModuleManager: Shutting down and abandoning module MediaAssets (312)
[2023.11.07-07.25.08:550][  0]LogModuleManager: Shutting down and abandoning module Overlay (310)
[2023.11.07-07.25.08:550][  0]LogModuleManager: Shutting down and abandoning module OverlayEditor (309)
[2023.11.07-07.25.08:550][  0]LogModuleManager: Shutting down and abandoning module Blutility (306)
[2023.11.07-07.25.08:550][  0]LogModuleManager: Shutting down and abandoning module LevelEditor (305)
[2023.11.07-07.25.08:551][  0]LogModuleManager: Shutting down and abandoning module PixelInspectorModule (304)
[2023.11.07-07.25.08:551][  0]LogModuleManager: Shutting down and abandoning module CommonMenuExtensions (302)
[2023.11.07-07.25.08:551][  0]LogModuleManager: Shutting down and abandoning module MainFrame (300)
[2023.11.07-07.25.08:551][  0]LogModuleManager: Shutting down and abandoning module HotReload (299)
[2023.11.07-07.25.08:552][  0]LogModuleManager: Shutting down and abandoning module ContentBrowser (295)
[2023.11.07-07.25.08:552][  0]LogModuleManager: Shutting down and abandoning module CollectionManager (294)
[2023.11.07-07.25.08:552][  0]LogModuleManager: Shutting down and abandoning module ContentBrowserData (292)
[2023.11.07-07.25.08:552][  0]LogModuleManager: Shutting down and abandoning module IntroTutorials (288)
[2023.11.07-07.25.08:552][  0]LogModuleManager: Shutting down and abandoning module VREditor (286)
[2023.11.07-07.25.08:552][  0]LogModuleManager: Shutting down and abandoning module StringTableEditor (284)
[2023.11.07-07.25.08:552][  0]LogModuleManager: Shutting down and abandoning module GameplayTasksEditor (282)
[2023.11.07-07.25.08:552][  0]LogModuleManager: Shutting down and abandoning module BehaviorTreeEditor (280)
[2023.11.07-07.25.08:552][  0]LogModuleManager: Shutting down and abandoning module FunctionalTesting (278)
[2023.11.07-07.25.08:552][  0]LogModuleManager: Shutting down and abandoning module CollisionAnalyzer (276)
[2023.11.07-07.25.08:552][  0]LogModuleManager: Shutting down and abandoning module WorkspaceMenuStructure (275)
[2023.11.07-07.25.08:552][  0]LogModuleManager: Shutting down and abandoning module UMG (272)
[2023.11.07-07.25.08:552][  0]LogModuleManager: Shutting down and abandoning module UMGEditor (271)
[2023.11.07-07.25.08:552][  0]LogModuleManager: Shutting down and abandoning module MessageLog (269)
[2023.11.07-07.25.08:552][  0]LogModuleManager: Shutting down and abandoning module SlateReflector (264)
[2023.11.07-07.25.08:553][  0]LogModuleManager: Shutting down and abandoning module Slate (262)
[2023.11.07-07.25.08:553][  0]LogModuleManager: Shutting down and abandoning module SlateCore (260)
[2023.11.07-07.25.08:554][  0]LogModuleManager: Shutting down and abandoning module LandscapeEditorUtilities (258)
[2023.11.07-07.25.08:554][  0]LogModuleManager: Shutting down and abandoning module UnrealEd (256)
[2023.11.07-07.25.08:554][  0]LogModuleManager: Shutting down and abandoning module MRMesh (254)
[2023.11.07-07.25.08:554][  0]LogModuleManager: Shutting down and abandoning module SourceCodeAccess (252)
[2023.11.07-07.25.08:554][  0]LogModuleManager: Shutting down and abandoning module HeadMountedDisplay (250)
[2023.11.07-07.25.08:554][  0]LogModuleManager: Shutting down and abandoning module XAudio2 (248)
[2023.11.07-07.25.08:554][  0]LogModuleManager: Shutting down and abandoning module Networking (246)
[2023.11.07-07.25.08:554][  0]LogModuleManager: Shutting down and abandoning module Core (244)
[2023.11.07-07.25.08:554][  0]LogModuleManager: Shutting down and abandoning module MaterialEditor (242)
[2023.11.07-07.25.08:554][  0]LogModuleManager: Shutting down and abandoning module Settings (241)
[2023.11.07-07.25.08:554][  0]LogModuleManager: Shutting down and abandoning module MovieSceneTools (238)
[2023.11.07-07.25.08:554][  0]LogModuleManager: Shutting down and abandoning module CurveEditor (237)
[2023.11.07-07.25.08:554][  0]LogModuleManager: Shutting down and abandoning module Sequencer (235)
[2023.11.07-07.25.08:554][  0]LogModuleManager: Shutting down and abandoning module EditorStyle (234)
[2023.11.07-07.25.08:556][  0]LogModuleManager: Shutting down and abandoning module KismetCompiler (230)
[2023.11.07-07.25.08:556][  0]LogModuleManager: Shutting down and abandoning module MeshBuilder (228)
[2023.11.07-07.25.08:556][  0]LogModuleManager: Shutting down and abandoning module MeshUtilities (226)
[2023.11.07-07.25.08:556][  0]LogModuleManager: Shutting down and abandoning module MeshMergeUtilities (225)
[2023.11.07-07.25.08:556][  0]LogModuleManager: Shutting down and abandoning module MeshReductionInterface (224)
[2023.11.07-07.25.08:556][  0]LogModuleManager: Shutting down and abandoning module MeshBoneReduction (223)
[2023.11.07-07.25.08:556][  0]LogModuleManager: Shutting down and abandoning module SkeletalMeshReduction (221)
[2023.11.07-07.25.08:556][  0]LogModuleManager: Shutting down and abandoning module ProxyLODMeshReduction (219)
[2023.11.07-07.25.08:556][  0]LogModuleManager: Shutting down and abandoning module QuadricMeshReduction (217)
[2023.11.07-07.25.08:556][  0]LogModuleManager: Shutting down and abandoning module MaterialBaking (213)
[2023.11.07-07.25.08:556][  0]LogModuleManager: Shutting down and abandoning module DirectoryWatcher (209)
[2023.11.07-07.25.08:556][  0]LogModuleManager: Shutting down and abandoning module NullInstallBundleManager (206)
[2023.11.07-07.25.08:556][  0]LogModuleManager: Shutting down and abandoning module DerivedDataCache (204)
[2023.11.07-07.25.08:556][  0]LogModuleManager: Shutting down and abandoning module TargetPlatform (202)
[2023.11.07-07.25.08:556][  0]LogModuleManager: Shutting down and abandoning module VulkanShaderFormat (201)
[2023.11.07-07.25.08:556][  0]LogModuleManager: Shutting down and abandoning module ShaderFormatVectorVM (199)
[2023.11.07-07.25.08:556][  0]LogModuleManager: Shutting down and abandoning module ShaderFormatOpenGL (197)
[2023.11.07-07.25.08:556][  0]LogModuleManager: Shutting down and abandoning module ShaderFormatD3D (195)
[2023.11.07-07.25.08:556][  0]LogModuleManager: Shutting down and abandoning module MetalShaderFormat (193)
[2023.11.07-07.25.08:556][  0]LogModuleManager: Shutting down and abandoning module TextureFormatOodle (191)
[2023.11.07-07.25.08:556][  0]LogModuleManager: Shutting down and abandoning module TextureFormatUncompressed (189)
[2023.11.07-07.25.08:557][  0]LogModuleManager: Shutting down and abandoning module TextureFormatPVR (187)
[2023.11.07-07.25.08:557][  0]LogModuleManager: Shutting down and abandoning module TextureFormatETC2 (185)
[2023.11.07-07.25.08:557][  0]LogModuleManager: Shutting down and abandoning module TextureFormatDXT (183)
[2023.11.07-07.25.08:557][  0]LogModuleManager: Shutting down and abandoning module TextureFormatIntelISPCTexComp (181)
[2023.11.07-07.25.08:557][  0]LogModuleManager: Shutting down and abandoning module TextureFormatASTC (179)
[2023.11.07-07.25.08:557][  0]LogModuleManager: Shutting down and abandoning module ImageWrapper (178)
[2023.11.07-07.25.08:557][  0]LogModuleManager: Shutting down and abandoning module AudioFormatOpus (175)
[2023.11.07-07.25.08:557][  0]LogModuleManager: Shutting down and abandoning module AudioFormatOgg (173)
[2023.11.07-07.25.08:557][  0]LogModuleManager: Shutting down and abandoning module AudioFormatADPCM (171)
[2023.11.07-07.25.08:557][  0]LogModuleManager: Shutting down and abandoning module WindowsServerTargetPlatform (169)
[2023.11.07-07.25.08:557][  0]LogModuleManager: Shutting down and abandoning module WindowsClientTargetPlatform (167)
[2023.11.07-07.25.08:557][  0]LogModuleManager: Shutting down and abandoning module WindowsTargetPlatform (165)
[2023.11.07-07.25.08:557][  0]LogModuleManager: Shutting down and abandoning module WindowsNoEditorTargetPlatform (163)
[2023.11.07-07.25.08:557][  0]LogModuleManager: Shutting down and abandoning module TVOSTargetPlatform (161)
[2023.11.07-07.25.08:558][  0]LogModuleManager: Shutting down and abandoning module MacServerTargetPlatform (159)
[2023.11.07-07.25.08:558][  0]LogModuleManager: Shutting down and abandoning module MacClientTargetPlatform (157)
[2023.11.07-07.25.08:558][  0]LogModuleManager: Shutting down and abandoning module MacTargetPlatform (155)
[2023.11.07-07.25.08:558][  0]LogModuleManager: Shutting down and abandoning module MacNoEditorTargetPlatform (153)
[2023.11.07-07.25.08:558][  0]LogModuleManager: Shutting down and abandoning module LuminTargetPlatform (151)
[2023.11.07-07.25.08:558][  0]LogModuleManager: Shutting down and abandoning module LinuxAArch64ServerTargetPlatform (149)
[2023.11.07-07.25.08:559][  0]LogModuleManager: Shutting down and abandoning module LinuxAArch64ClientTargetPlatform (147)
[2023.11.07-07.25.08:559][  0]LogModuleManager: Shutting down and abandoning module LinuxAArch64NoEditorTargetPlatform (145)
[2023.11.07-07.25.08:559][  0]LogModuleManager: Shutting down and abandoning module LinuxServerTargetPlatform (143)
[2023.11.07-07.25.08:559][  0]LogModuleManager: Shutting down and abandoning module LinuxClientTargetPlatform (141)
[2023.11.07-07.25.08:559][  0]LogModuleManager: Shutting down and abandoning module LinuxNoEditorTargetPlatform (139)
[2023.11.07-07.25.08:559][  0]LogModuleManager: Shutting down and abandoning module LinuxTargetPlatform (137)
[2023.11.07-07.25.08:559][  0]LogModuleManager: Shutting down and abandoning module Messaging (135)
[2023.11.07-07.25.08:559][  0]LogModuleManager: Shutting down and abandoning module IOSTargetPlatform (133)
[2023.11.07-07.25.08:559][  0]LogModuleManager: Shutting down and abandoning module AndroidTargetPlatform (131)
[2023.11.07-07.25.08:564][  0]LogModuleManager: Shutting down and abandoning module AllDesktopTargetPlatform (129)
[2023.11.07-07.25.08:564][  0]LogModuleManager: Shutting down and abandoning module NullDrv (126)
[2023.11.07-07.25.08:564][  0]LogModuleManager: Shutting down and abandoning module PhysXCooking (124)
[2023.11.07-07.25.08:564][  0]LogModuleManager: Shutting down and abandoning module Chaos (122)
[2023.11.07-07.25.08:564][  0]LogModuleManager: Shutting down and abandoning module WindowsPlatformFeatures (120)
[2023.11.07-07.25.08:564][  0]LogModuleManager: Shutting down and abandoning module GameplayMediaEncoder (119)
[2023.11.07-07.25.08:564][  0]LogModuleManager: Shutting down and abandoning module AVEncoder (118)
[2023.11.07-07.25.08:564][  0]LogModuleManager: Shutting down and abandoning module ExampleDeviceProfileSelector (114)
[2023.11.07-07.25.08:564][  0]LogModuleManager: Shutting down and abandoning module SteamVRInputDevice (112)
[2023.11.07-07.25.08:564][  0]LogModuleManager: Shutting down and abandoning module SteamVRInput (110)
[2023.11.07-07.25.08:564][  0]LogModuleManager: Shutting down and abandoning module SteamVR (108)
[2023.11.07-07.25.08:564][  0]LogHMD: Freeing OpenVRDLLHandle.
[2023.11.07-07.25.08:565][  0]LogModuleManager: Shutting down and abandoning module OculusHMD (106)
[2023.11.07-07.25.08:565][  0]LogModuleManager: Shutting down and abandoning module LauncherChunkInstaller (104)
[2023.11.07-07.25.08:565][  0]LogModuleManager: Shutting down and abandoning module OpenXRHandTracking (102)
[2023.11.07-07.25.08:565][  0]LogModuleManager: Shutting down and abandoning module OpenXREyeTracker (100)
[2023.11.07-07.25.08:565][  0]LogModuleManager: Shutting down and abandoning module OpenXRAR (98)
[2023.11.07-07.25.08:565][  0]LogModuleManager: Shutting down and abandoning module AugmentedReality (97)
[2023.11.07-07.25.08:565][  0]LogModuleManager: Shutting down and abandoning module OpenXRHMD (94)
[2023.11.07-07.25.08:565][  0]LogModuleManager: Shutting down and abandoning module ChunkDownloader (92)
[2023.11.07-07.25.08:565][  0]LogModuleManager: Shutting down and abandoning module OnlineBlueprintSupport (90)
[2023.11.07-07.25.08:565][  0]LogModuleManager: Shutting down and abandoning module OnlineSubsystem (86)
[2023.11.07-07.25.08:566][  0]LogModuleManager: Shutting down and abandoning module XMPP (81)
[2023.11.07-07.25.08:567][  0]LogModuleManager: Shutting down and abandoning module WebSockets (80)
[2023.11.07-07.25.08:601][  0]LogModuleManager: Shutting down and abandoning module HTTP (77)
[2023.11.07-07.25.08:601][  0]LogHttp: Display: cleaning up 0 outstanding Http requests.
[2023.11.07-07.25.08:634][  0]LogModuleManager: Shutting down and abandoning module SSL (76)
[2023.11.07-07.25.08:636][  0]LogModuleManager: Shutting down and abandoning module ChaosCloth (72)
[2023.11.07-07.25.08:636][  0]LogModuleManager: Shutting down and abandoning module WmfMedia (70)
[2023.11.07-07.25.08:637][  0]LogModuleManager: Shutting down and abandoning module Media (69)
[2023.11.07-07.25.08:638][  0]LogModuleManager: Shutting down and abandoning module MediaInfo (68)
[2023.11.07-07.25.08:638][  0]LogModuleManager: Shutting down and abandoning module ExrReaderGpu (64)
[2023.11.07-07.25.08:638][  0]LogModuleManager: Shutting down and abandoning module MLSDK (62)
[2023.11.07-07.25.08:638][  0]LogModuleManager: Shutting down and abandoning module MagicLeap (60)
[2023.11.07-07.25.08:638][  0]LogModuleManager: Shutting down and abandoning module NiagaraVertexFactories (58)
[2023.11.07-07.25.08:639][  0]LogModuleManager: Shutting down and abandoning module NiagaraShader (56)
[2023.11.07-07.25.08:639][  0]LogModuleManager: Shutting down and abandoning module VariantManagerContent (54)
[2023.11.07-07.25.08:639][  0]LogModuleManager: Shutting down and abandoning module DatasmithContent (52)
[2023.11.07-07.25.08:639][  0]LogModuleManager: Shutting down and abandoning module PixWinPlugin (50)
[2023.11.07-07.25.08:639][  0]LogModuleManager: Shutting down and abandoning module AISupportModule (48)
[2023.11.07-07.25.08:639][  0]LogModuleManager: Shutting down and abandoning module PythonScriptPluginPreload (46)
[2023.11.07-07.25.08:640][  0]LogModuleManager: Shutting down and abandoning module PlatformCryptoOpenSSL (44)
[2023.11.07-07.25.08:640][  0]LogModuleManager: Shutting down and abandoning module PlatformCryptoTypes (42)
[2023.11.07-07.25.08:640][  0]LogModuleManager: Shutting down and abandoning module PlatformCrypto (40)
[2023.11.07-07.25.08:640][  0]LogModuleManager: Shutting down and abandoning module OodleDataCompressionFormat (38)
[2023.11.07-07.25.08:640][  0]LogModuleManager: Shutting down and abandoning module XGEController (36)
[2023.11.07-07.25.08:640][  0]LogXGEController: Cannot use XGE Controller as Incredibuild is not installed on this machine.
[2023.11.07-07.25.08:640][  0]LogModuleManager: Shutting down and abandoning module AnimationModifiers (34)
[2023.11.07-07.25.08:640][  0]LogModuleManager: Shutting down and abandoning module AudioEditor (32)
[2023.11.07-07.25.08:640][  0]LogModuleManager: Shutting down and abandoning module PropertyEditor (31)
[2023.11.07-07.25.08:640][  0]LogModuleManager: Shutting down and abandoning module TextureCompressor (28)
[2023.11.07-07.25.08:640][  0]LogModuleManager: Shutting down and abandoning module RenderCore (26)
[2023.11.07-07.25.08:640][  0]LogModuleManager: Shutting down and abandoning module Landscape (24)
[2023.11.07-07.25.08:640][  0]LogModuleManager: Shutting down and abandoning module SlateRHIRenderer (22)
[2023.11.07-07.25.08:640][  0]LogModuleManager: Shutting down and abandoning module AnimGraphRuntime (20)
[2023.11.07-07.25.08:640][  0]LogModuleManager: Shutting down and abandoning module Renderer (18)
[2023.11.07-07.25.08:641][  0]LogModuleManager: Shutting down and abandoning module Engine (16)
[2023.11.07-07.25.08:641][  0]LogModuleManager: Shutting down and abandoning module CoreUObject (14)
[2023.11.07-07.25.08:641][  0]LogModuleManager: Shutting down and abandoning module NetworkFile (12)
[2023.11.07-07.25.08:641][  0]LogModuleManager: Shutting down and abandoning module CookedIterativeFile (10)
[2023.11.07-07.25.08:641][  0]LogModuleManager: Shutting down and abandoning module StreamingFile (8)
[2023.11.07-07.25.08:641][  0]LogModuleManager: Shutting down and abandoning module SandboxFile (6)
[2023.11.07-07.25.08:641][  0]LogModuleManager: Shutting down and abandoning module PakFile (4)
[2023.11.07-07.25.08:641][  0]LogModuleManager: Shutting down and abandoning module RSA (3)
[2023.11.07-07.25.08:722][  0]LogContentStreaming: Display: There are 1 unreleased StreamingManagers
[2023.11.07-07.25.08:734][  0]LogExit: Exiting.
[2023.11.07-07.25.08:762][  0]Log file closed, 11/07/23 01:25:08
